#
# There is insufficient memory for the Java Runtime Environment to continue.
# Native memory allocation (malloc) failed to allocate 1062736 bytes for Chunk::new
# Possible reasons:
#   The system is out of physical RAM or swap space
#   The process is running with CompressedOops enabled, and the Java Heap may be blocking the growth of the native heap
# Possible solutions:
#   Reduce memory load on the system
#   Increase physical memory or swap space
#   Check if swap backing store is full
#   Decrease Java heap size (-Xmx/-Xms)
#   Decrease number of Java threads
#   Decrease Java thread stack sizes (-Xss)
#   Set larger code cache with -XX:ReservedCodeCacheSize=
#   JVM is running with Unscaled Compressed Oops mode in which the Java heap is
#     placed in the first 4GB address space. The Java Heap base address is the
#     maximum limit for the native heap growth. Please use -XX:HeapBaseMinAddress
#     to set the Java Heap base and to place the Java Heap above 4GB virtual address.
# This output file may be truncated or incomplete.
#
#  Out of Memory Error (arena.cpp:168), pid=15440, tid=2128
#
# JRE version: Java(TM) SE Runtime Environment (21.0.8+12) (build 21.0.8+12-LTS-250)
# Java VM: Java HotSpot(TM) 64-Bit Server VM (21.0.8+12-LTS-250, mixed mode, sharing, tiered, compressed oops, compressed class ptrs, g1 gc, windows-amd64)
# No core dump will be written. Minidumps are not enabled by default on client versions of Windows
#

---------------  S U M M A R Y ------------

Command Line: -javaagent:C:\Program Files\JetBrains\IntelliJ IDEA Community Edition 2025.2\lib\idea_rt.jar=63521 -Dfile.encoding=UTF-8 -Dsun.stdout.encoding=UTF-8 -Dsun.stderr.encoding=UTF-8 com.br.pdvpostocombustivel.PdvpostocombustivelApplication

Host: AMD Ryzen 5 PRO 5650G with Radeon Graphics     , 12 cores, 7G,  Windows 11 , 64 bit Build 26100 (10.0.26100.6725)
Time: Wed Oct  8 19:03:45 2025 Hora oficial do Brasil elapsed time: 7.697718 seconds (0d 0h 0m 7s)

---------------  T H R E A D  ---------------

Current thread (0x0000019d1b243ff0):  JavaThread "C2 CompilerThread2" daemon [_thread_in_native, id=2128, stack(0x0000003b05b00000,0x0000003b05c00000) (1024K)]


Current CompileTask:
C2:   7697 5703   !   4       org.springframework.core.annotation.AnnotationsScanner::processMethodHierarchy (276 bytes)

Stack: [0x0000003b05b00000,0x0000003b05c00000]
Native frames: (J=compiled Java code, j=interpreted, Vv=VM code, C=native code)
V  [jvm.dll+0x6cc179]
V  [jvm.dll+0x8584c1]
V  [jvm.dll+0x85a9ee]
V  [jvm.dll+0x85b0c3]
V  [jvm.dll+0x27ebf6]
V  [jvm.dll+0xc4f4d]
V  [jvm.dll+0xc5483]
V  [jvm.dll+0x2f209d]
V  [jvm.dll+0x5f6daa]
V  [jvm.dll+0x250702]
V  [jvm.dll+0x250abf]
V  [jvm.dll+0x2495dc]
V  [jvm.dll+0x246b44]
V  [jvm.dll+0x1c7a3e]
V  [jvm.dll+0x256359]
V  [jvm.dll+0x2548ea]
V  [jvm.dll+0x3efef6]
V  [jvm.dll+0x80279b]
V  [jvm.dll+0x6ca85d]
C  [ucrtbase.dll+0x37b0]
C  [KERNEL32.DLL+0x2e8d7]
C  [ntdll.dll+0x8c53c]


---------------  P R O C E S S  ---------------

Threads class SMR info:
_java_thread_list=0x0000019d1c73e370, length=22, elements={
0x0000019cb9342460, 0x0000019cd5e506c0, 0x0000019cd5e53120, 0x0000019cd5e54e40,
0x0000019cd5e58280, 0x0000019cd5e596f0, 0x0000019cd5e57a40, 0x0000019cd5e60250,
0x0000019cd5e60e10, 0x0000019cd5e208f0, 0x0000019d1b4224e0, 0x0000019d1b422b40,
0x0000019d1b8544e0, 0x0000019d1b854b40, 0x0000019d1d520260, 0x0000019d1e4c42f0,
0x0000019d1cf60ef0, 0x0000019d1e328560, 0x0000019d1e326490, 0x0000019d1e326b20,
0x0000019d1eb6a010, 0x0000019d1b243ff0
}

Java Threads: ( => current thread )
  0x0000019cb9342460 JavaThread "main"                              [_thread_blocked, id=3020, stack(0x0000003b03c00000,0x0000003b03d00000) (1024K)]
  0x0000019cd5e506c0 JavaThread "Reference Handler"          daemon [_thread_blocked, id=12668, stack(0x0000003b04400000,0x0000003b04500000) (1024K)]
  0x0000019cd5e53120 JavaThread "Finalizer"                  daemon [_thread_blocked, id=11960, stack(0x0000003b04500000,0x0000003b04600000) (1024K)]
  0x0000019cd5e54e40 JavaThread "Signal Dispatcher"          daemon [_thread_blocked, id=15908, stack(0x0000003b04600000,0x0000003b04700000) (1024K)]
  0x0000019cd5e58280 JavaThread "Attach Listener"            daemon [_thread_blocked, id=2664, stack(0x0000003b04700000,0x0000003b04800000) (1024K)]
  0x0000019cd5e596f0 JavaThread "Service Thread"             daemon [_thread_blocked, id=10800, stack(0x0000003b04800000,0x0000003b04900000) (1024K)]
  0x0000019cd5e57a40 JavaThread "Monitor Deflation Thread"   daemon [_thread_blocked, id=13336, stack(0x0000003b04900000,0x0000003b04a00000) (1024K)]
  0x0000019cd5e60250 JavaThread "C2 CompilerThread0"         daemon [_thread_in_native, id=15088, stack(0x0000003b04a00000,0x0000003b04b00000) (1024K)]
  0x0000019cd5e60e10 JavaThread "C1 CompilerThread0"         daemon [_thread_blocked, id=12344, stack(0x0000003b04b00000,0x0000003b04c00000) (1024K)]
  0x0000019cd5e208f0 JavaThread "Common-Cleaner"             daemon [_thread_blocked, id=15076, stack(0x0000003b04c00000,0x0000003b04d00000) (1024K)]
  0x0000019d1b4224e0 JavaThread "Monitor Ctrl-Break"         daemon [_thread_in_native, id=4100, stack(0x0000003b04e00000,0x0000003b04f00000) (1024K)]
  0x0000019d1b422b40 JavaThread "Notification Thread"        daemon [_thread_blocked, id=8944, stack(0x0000003b04f00000,0x0000003b05000000) (1024K)]
  0x0000019d1b8544e0 JavaThread "Thread-0"                          [_thread_blocked, id=6132, stack(0x0000003b05000000,0x0000003b05100000) (1024K)]
  0x0000019d1b854b40 JavaThread "restartedMain"                     [_thread_in_Java, id=19008, stack(0x0000003b05100000,0x0000003b05200000) (1024K)]
  0x0000019d1d520260 JavaThread "Catalina-utility-1"                [_thread_blocked, id=10972, stack(0x0000003b05700000,0x0000003b05800000) (1024K)]
  0x0000019d1e4c42f0 JavaThread "Catalina-utility-2"                [_thread_blocked, id=3328, stack(0x0000003b05f00000,0x0000003b06000000) (1024K)]
  0x0000019d1cf60ef0 JavaThread "container-0"                       [_thread_blocked, id=11492, stack(0x0000003b06000000,0x0000003b06100000) (1024K)]
  0x0000019d1e328560 JavaThread "PostgreSQL-JDBC-Cleaner"    daemon [_thread_blocked, id=21184, stack(0x0000003b06200000,0x0000003b06300000) (1024K)]
  0x0000019d1e326490 JavaThread "HikariPool-1 housekeeper"   daemon [_thread_blocked, id=18416, stack(0x0000003b06300000,0x0000003b06400000) (1024K)]
  0x0000019d1e326b20 JavaThread "HikariPool-1 connection adder" daemon [_thread_blocked, id=7184, stack(0x0000003b06400000,0x0000003b06500000) (1024K)]
  0x0000019d1eb6a010 JavaThread "C2 CompilerThread1"         daemon [_thread_in_native, id=19268, stack(0x0000003b04d00000,0x0000003b04e00000) (1024K)]
=>0x0000019d1b243ff0 JavaThread "C2 CompilerThread2"         daemon [_thread_in_native, id=2128, stack(0x0000003b05b00000,0x0000003b05c00000) (1024K)]
Total: 22

Other Threads:
  0x0000019cd5e366f0 VMThread "VM Thread"                           [id=10464, stack(0x0000003b04300000,0x0000003b04400000) (1024K)]
  0x0000019cd5e1fb70 WatcherThread "VM Periodic Task Thread"        [id=19856, stack(0x0000003b04200000,0x0000003b04300000) (1024K)]
  0x0000019cb93942d0 WorkerThread "GC Thread#0"                     [id=18116, stack(0x0000003b03d00000,0x0000003b03e00000) (1024K)]
  0x0000019d1bc54dc0 WorkerThread "GC Thread#1"                     [id=20376, stack(0x0000003b05200000,0x0000003b05300000) (1024K)]
  0x0000019d1bc55160 WorkerThread "GC Thread#2"                     [id=8216, stack(0x0000003b05300000,0x0000003b05400000) (1024K)]
  0x0000019d1bbfc8c0 WorkerThread "GC Thread#3"                     [id=14796, stack(0x0000003b05400000,0x0000003b05500000) (1024K)]
  0x0000019d1bbfcc60 WorkerThread "GC Thread#4"                     [id=12064, stack(0x0000003b05500000,0x0000003b05600000) (1024K)]
  0x0000019d1bc5b810 WorkerThread "GC Thread#5"                     [id=6780, stack(0x0000003b05600000,0x0000003b05700000) (1024K)]
  0x0000019d1beb1840 WorkerThread "GC Thread#6"                     [id=19300, stack(0x0000003b05800000,0x0000003b05900000) (1024K)]
  0x0000019d1bec66f0 WorkerThread "GC Thread#7"                     [id=2984, stack(0x0000003b05900000,0x0000003b05a00000) (1024K)]
  0x0000019d1bfba0a0 WorkerThread "GC Thread#8"                     [id=9924, stack(0x0000003b05a00000,0x0000003b05b00000) (1024K)]
  0x0000019d1bfbb2c0 WorkerThread "GC Thread#9"                     [id=20204, stack(0x0000003b05c00000,0x0000003b05d00000) (1024K)]
  0x0000019cb93a4e40 ConcurrentGCThread "G1 Main Marker"            [id=12168, stack(0x0000003b03e00000,0x0000003b03f00000) (1024K)]
  0x0000019cb93a6fd0 WorkerThread "G1 Conc#0"                       [id=8856, stack(0x0000003b03f00000,0x0000003b04000000) (1024K)]
  0x0000019d1bfbb660 WorkerThread "G1 Conc#1"                       [id=2344, stack(0x0000003b05d00000,0x0000003b05e00000) (1024K)]
  0x0000019d1bfbaf20 WorkerThread "G1 Conc#2"                       [id=21728, stack(0x0000003b05e00000,0x0000003b05f00000) (1024K)]
  0x0000019cd5cef960 ConcurrentGCThread "G1 Refine#0"               [id=5212, stack(0x0000003b04000000,0x0000003b04100000) (1024K)]
  0x0000019cd5cf0280 ConcurrentGCThread "G1 Service"                [id=19816, stack(0x0000003b04100000,0x0000003b04200000) (1024K)]
Total: 18

Threads with active compile tasks:
C2 CompilerThread0     8724 5679 % !   4       org.springframework.beans.factory.support.DefaultListableBeanFactory::doGetBeanNamesForType @ 20 (527 bytes)
C2 CompilerThread1     8724 5704       4       org.springframework.core.annotation.AnnotationsScanner::scan (21 bytes)
C2 CompilerThread2     8724 5703   !   4       org.springframework.core.annotation.AnnotationsScanner::processMethodHierarchy (276 bytes)
Total: 3

VM state: not at safepoint (normal execution)

VM Mutex/Monitor currently owned by a thread: None

Heap address: 0x000000008a400000, size: 1884 MB, Compressed Oops mode: 32-bit

CDS archive(s) mapped at: [0x0000019cd6000000-0x0000019cd6c90000-0x0000019cd6c90000), size 13172736, SharedBaseAddress: 0x0000019cd6000000, ArchiveRelocationMode: 1.
Compressed class space mapped at: 0x0000019cd7000000-0x0000019d17000000, reserved size: 1073741824
Narrow klass base: 0x0000019cd6000000, Narrow klass shift: 0, Narrow klass range: 0x100000000

GC Precious Log:
 CardTable entry size: 512
 Card Set container configuration: InlinePtr #cards 5 size 8 Array Of Cards #cards 12 size 40 Howl #buckets 4 coarsen threshold 1843 Howl Bitmap #cards 512 size 80 coarsen threshold 460 Card regions per heap region 1 cards per card region 2048
 CPUs: 12 total, 12 available
 Memory: 7529M
 Large Page Support: Disabled
 NUMA Support: Disabled
 Compressed Oops: Enabled (32-bit)
 Heap Region Size: 1M
 Heap Min Capacity: 8M
 Heap Initial Capacity: 118M
 Heap Max Capacity: 1884M
 Pre-touch: Disabled
 Parallel Workers: 10
 Concurrent Workers: 3
 Concurrent Refinement Workers: 10
 Periodic GC: Disabled

Heap:
 garbage-first heap   total 61440K, used 29504K [0x000000008a400000, 0x0000000100000000)
  region size 1024K, 6 young (6144K), 3 survivors (3072K)
 Metaspace       used 60291K, committed 60928K, reserved 1114112K
  class space    used 8079K, committed 8384K, reserved 1048576K

Heap Regions: E=young(eden), S=young(survivor), O=old, HS=humongous(starts), HC=humongous(continues), CS=collection set, F=free, TAMS=top-at-mark-start, PB=parsable bottom
|   0|0x000000008a400000, 0x000000008a500000, 0x000000008a500000|100%|HS|  |TAMS 0x000000008a400000| PB 0x000000008a400000| Complete 
|   1|0x000000008a500000, 0x000000008a600000, 0x000000008a600000|100%|HS|  |TAMS 0x000000008a500000| PB 0x000000008a500000| Complete 
|   2|0x000000008a600000, 0x000000008a700000, 0x000000008a700000|100%| O|  |TAMS 0x000000008a600000| PB 0x000000008a600000| Untracked 
|   3|0x000000008a700000, 0x000000008a800000, 0x000000008a800000|100%| O|  |TAMS 0x000000008a700000| PB 0x000000008a700000| Untracked 
|   4|0x000000008a800000, 0x000000008a900000, 0x000000008a900000|100%| O|  |TAMS 0x000000008a800000| PB 0x000000008a800000| Untracked 
|   5|0x000000008a900000, 0x000000008aa00000, 0x000000008aa00000|100%| O|  |TAMS 0x000000008a900000| PB 0x000000008a900000| Untracked 
|   6|0x000000008aa00000, 0x000000008ab00000, 0x000000008ab00000|100%| O|  |TAMS 0x000000008aa00000| PB 0x000000008aa00000| Untracked 
|   7|0x000000008ab00000, 0x000000008ac00000, 0x000000008ac00000|100%| O|  |TAMS 0x000000008ab00000| PB 0x000000008ab00000| Untracked 
|   8|0x000000008ac00000, 0x000000008ad00000, 0x000000008ad00000|100%| O|  |TAMS 0x000000008ac00000| PB 0x000000008ac00000| Untracked 
|   9|0x000000008ad00000, 0x000000008ae00000, 0x000000008ae00000|100%| O|  |TAMS 0x000000008ad00000| PB 0x000000008ad00000| Untracked 
|  10|0x000000008ae00000, 0x000000008af00000, 0x000000008af00000|100%| O|  |TAMS 0x000000008ae00000| PB 0x000000008ae00000| Untracked 
|  11|0x000000008af00000, 0x000000008b000000, 0x000000008b000000|100%| O|  |TAMS 0x000000008af00000| PB 0x000000008af00000| Untracked 
|  12|0x000000008b000000, 0x000000008b100000, 0x000000008b100000|100%| O|  |TAMS 0x000000008b000000| PB 0x000000008b000000| Untracked 
|  13|0x000000008b100000, 0x000000008b200000, 0x000000008b200000|100%| O|  |TAMS 0x000000008b100000| PB 0x000000008b100000| Untracked 
|  14|0x000000008b200000, 0x000000008b300000, 0x000000008b300000|100%| O|  |TAMS 0x000000008b200000| PB 0x000000008b200000| Untracked 
|  15|0x000000008b300000, 0x000000008b400000, 0x000000008b400000|100%| O|Cm|TAMS 0x000000008b300000| PB 0x000000008b300000| Complete 
|  16|0x000000008b400000, 0x000000008b500000, 0x000000008b500000|100%| O|  |TAMS 0x000000008b400000| PB 0x000000008b400000| Untracked 
|  17|0x000000008b500000, 0x000000008b600000, 0x000000008b600000|100%| O|  |TAMS 0x000000008b500000| PB 0x000000008b500000| Untracked 
|  18|0x000000008b600000, 0x000000008b700000, 0x000000008b700000|100%| O|  |TAMS 0x000000008b600000| PB 0x000000008b600000| Untracked 
|  19|0x000000008b700000, 0x000000008b800000, 0x000000008b800000|100%| O|  |TAMS 0x000000008b700000| PB 0x000000008b700000| Untracked 
|  20|0x000000008b800000, 0x000000008b900000, 0x000000008b900000|100%| O|  |TAMS 0x000000008b800000| PB 0x000000008b800000| Untracked 
|  21|0x000000008b900000, 0x000000008b910780, 0x000000008ba00000|  6%| O|  |TAMS 0x000000008b900000| PB 0x000000008b900000| Untracked 
|  22|0x000000008ba00000, 0x000000008ba00000, 0x000000008bb00000|  0%| F|  |TAMS 0x000000008ba00000| PB 0x000000008ba00000| Untracked 
|  23|0x000000008bb00000, 0x000000008bb00000, 0x000000008bc00000|  0%| F|  |TAMS 0x000000008bb00000| PB 0x000000008bb00000| Untracked 
|  24|0x000000008bc00000, 0x000000008bc00000, 0x000000008bd00000|  0%| F|  |TAMS 0x000000008bc00000| PB 0x000000008bc00000| Untracked 
|  25|0x000000008bd00000, 0x000000008bd00000, 0x000000008be00000|  0%| F|  |TAMS 0x000000008bd00000| PB 0x000000008bd00000| Untracked 
|  26|0x000000008be00000, 0x000000008be00000, 0x000000008bf00000|  0%| F|  |TAMS 0x000000008be00000| PB 0x000000008be00000| Untracked 
|  27|0x000000008bf00000, 0x000000008bf00000, 0x000000008c000000|  0%| F|  |TAMS 0x000000008bf00000| PB 0x000000008bf00000| Untracked 
|  28|0x000000008c000000, 0x000000008c000000, 0x000000008c100000|  0%| F|  |TAMS 0x000000008c000000| PB 0x000000008c000000| Untracked 
|  29|0x000000008c100000, 0x000000008c100000, 0x000000008c200000|  0%| F|  |TAMS 0x000000008c100000| PB 0x000000008c100000| Untracked 
|  30|0x000000008c200000, 0x000000008c200000, 0x000000008c300000|  0%| F|  |TAMS 0x000000008c200000| PB 0x000000008c200000| Untracked 
|  31|0x000000008c300000, 0x000000008c300000, 0x000000008c400000|  0%| F|  |TAMS 0x000000008c300000| PB 0x000000008c300000| Untracked 
|  32|0x000000008c400000, 0x000000008c400000, 0x000000008c500000|  0%| F|  |TAMS 0x000000008c400000| PB 0x000000008c400000| Untracked 
|  33|0x000000008c500000, 0x000000008c500000, 0x000000008c600000|  0%| F|  |TAMS 0x000000008c500000| PB 0x000000008c500000| Untracked 
|  34|0x000000008c600000, 0x000000008c600000, 0x000000008c700000|  0%| F|  |TAMS 0x000000008c600000| PB 0x000000008c600000| Untracked 
|  35|0x000000008c700000, 0x000000008c700000, 0x000000008c800000|  0%| F|  |TAMS 0x000000008c700000| PB 0x000000008c700000| Untracked 
|  36|0x000000008c800000, 0x000000008c800000, 0x000000008c900000|  0%| F|  |TAMS 0x000000008c800000| PB 0x000000008c800000| Untracked 
|  37|0x000000008c900000, 0x000000008c9bfa18, 0x000000008ca00000| 74%| S|CS|TAMS 0x000000008c900000| PB 0x000000008c900000| Complete 
|  38|0x000000008ca00000, 0x000000008cb00000, 0x000000008cb00000|100%| S|CS|TAMS 0x000000008ca00000| PB 0x000000008ca00000| Complete 
|  39|0x000000008cb00000, 0x000000008cc00000, 0x000000008cc00000|100%| S|CS|TAMS 0x000000008cb00000| PB 0x000000008cb00000| Complete 
|  40|0x000000008cc00000, 0x000000008cc00000, 0x000000008cd00000|  0%| F|  |TAMS 0x000000008cc00000| PB 0x000000008cc00000| Untracked 
|  41|0x000000008cd00000, 0x000000008cd00000, 0x000000008ce00000|  0%| F|  |TAMS 0x000000008cd00000| PB 0x000000008cd00000| Untracked 
|  42|0x000000008ce00000, 0x000000008ce00000, 0x000000008cf00000|  0%| F|  |TAMS 0x000000008ce00000| PB 0x000000008ce00000| Untracked 
|  43|0x000000008cf00000, 0x000000008cf00000, 0x000000008d000000|  0%| F|  |TAMS 0x000000008cf00000| PB 0x000000008cf00000| Untracked 
|  44|0x000000008d000000, 0x000000008d000000, 0x000000008d100000|  0%| F|  |TAMS 0x000000008d000000| PB 0x000000008d000000| Untracked 
|  45|0x000000008d100000, 0x000000008d100000, 0x000000008d200000|  0%| F|  |TAMS 0x000000008d100000| PB 0x000000008d100000| Untracked 
|  46|0x000000008d200000, 0x000000008d200000, 0x000000008d300000|  0%| F|  |TAMS 0x000000008d200000| PB 0x000000008d200000| Untracked 
|  47|0x000000008d300000, 0x000000008d300000, 0x000000008d400000|  0%| F|  |TAMS 0x000000008d300000| PB 0x000000008d300000| Untracked 
|  48|0x000000008d400000, 0x000000008d400000, 0x000000008d500000|  0%| F|  |TAMS 0x000000008d400000| PB 0x000000008d400000| Untracked 
|  49|0x000000008d500000, 0x000000008d500000, 0x000000008d600000|  0%| F|  |TAMS 0x000000008d500000| PB 0x000000008d500000| Untracked 
|  71|0x000000008eb00000, 0x000000008eb00000, 0x000000008ec00000|  0%| F|  |TAMS 0x000000008eb00000| PB 0x000000008eb00000| Untracked 
|  72|0x000000008ec00000, 0x000000008ec00000, 0x000000008ed00000|  0%| F|  |TAMS 0x000000008ec00000| PB 0x000000008ec00000| Untracked 
|  73|0x000000008ed00000, 0x000000008ed00000, 0x000000008ee00000|  0%| F|  |TAMS 0x000000008ed00000| PB 0x000000008ed00000| Untracked 
|  74|0x000000008ee00000, 0x000000008ee00000, 0x000000008ef00000|  0%| F|  |TAMS 0x000000008ee00000| PB 0x000000008ee00000| Untracked 
|  75|0x000000008ef00000, 0x000000008f000000, 0x000000008f000000|100%| E|  |TAMS 0x000000008ef00000| PB 0x000000008ef00000| Complete 
|  76|0x000000008f000000, 0x000000008f100000, 0x000000008f100000|100%| E|CS|TAMS 0x000000008f000000| PB 0x000000008f000000| Complete 
| 117|0x0000000091900000, 0x0000000091a00000, 0x0000000091a00000|100%| E|CS|TAMS 0x0000000091900000| PB 0x0000000091900000| Complete 
|1881|0x00000000ffd00000, 0x00000000ffe00000, 0x00000000ffe00000|100%| O|  |TAMS 0x00000000ffd00000| PB 0x00000000ffd00000| Untracked 
|1882|0x00000000ffe00000, 0x00000000fff00000, 0x00000000fff00000|100%| O|  |TAMS 0x00000000ffe00000| PB 0x00000000ffe00000| Untracked 
|1883|0x00000000fff00000, 0x0000000100000000, 0x0000000100000000|100%| O|  |TAMS 0x00000000fff00000| PB 0x00000000fff00000| Untracked 

Card table byte_map: [0x0000019cd10e0000,0x0000019cd1490000] _byte_map_base: 0x0000019cd0c8e000

Marking Bits: (CMBitMap*) 0x0000019cb93949d0
 Bits: [0x0000019cd1490000, 0x0000019cd3200000)

Polling page: 0x0000019cb8b00000

Metaspace:

Usage:
  Non-class:     51.00 MB used.
      Class:      7.89 MB used.
       Both:     58.89 MB used.

Virtual space:
  Non-class space:       64.00 MB reserved,      51.31 MB ( 80%) committed,  1 nodes.
      Class space:        1.00 GB reserved,       8.19 MB ( <1%) committed,  1 nodes.
             Both:        1.06 GB reserved,      59.50 MB (  5%) committed. 

Chunk freelists:
   Non-Class:  12.02 MB
       Class:  7.66 MB
        Both:  19.68 MB

MaxMetaspaceSize: unlimited
CompressedClassSpaceSize: 1.00 GB
Initial GC threshold: 21.00 MB
Current GC threshold: 98.38 MB
CDS: on
 - commit_granule_bytes: 65536.
 - commit_granule_words: 8192.
 - virtual_space_node_default_size: 8388608.
 - enlarge_chunks_in_place: 1.
 - use_allocation_guard: 0.


Internal statistics:

num_allocs_failed_limit: 9.
num_arena_births: 756.
num_arena_deaths: 0.
num_vsnodes_births: 2.
num_vsnodes_deaths: 0.
num_space_committed: 952.
num_space_uncommitted: 0.
num_chunks_returned_to_freelist: 9.
num_chunks_taken_from_freelist: 2960.
num_chunk_merges: 6.
num_chunk_splits: 2128.
num_chunks_enlarged: 1674.
num_inconsistent_stats: 0.

CodeHeap 'non-profiled nmethods': size=120000Kb used=3196Kb max_used=3650Kb free=116804Kb
 bounds [0x0000019cc92a0000, 0x0000019cc9640000, 0x0000019cd07d0000]
CodeHeap 'profiled nmethods': size=120000Kb used=9350Kb max_used=10531Kb free=110649Kb
 bounds [0x0000019cc17d0000, 0x0000019cc2220000, 0x0000019cc8d00000]
CodeHeap 'non-nmethods': size=5760Kb used=1627Kb max_used=1651Kb free=4133Kb
 bounds [0x0000019cc8d00000, 0x0000019cc8f70000, 0x0000019cc92a0000]
 total_blobs=5641 nmethods=4969 adapters=576
 compilation: enabled
              stopped_count=0, restarted_count=0
 full_count=0

Compilation events (20 events):
Event: 5.602 Thread 0x0000019cd5e60e10 5718       3       java.util.concurrent.ConcurrentLinkedDeque::newNode (18 bytes)
Event: 5.602 Thread 0x0000019cd5e60e10 nmethod 5718 0x0000019cc2217810 code [0x0000019cc2217a60, 0x0000019cc22182f8]
Event: 5.603 Thread 0x0000019cd5e60e10 5719       3       org.springframework.data.util.Lazy::<init> (20 bytes)
Event: 5.603 Thread 0x0000019cd5e60e10 nmethod 5719 0x0000019cc2218610 code [0x0000019cc22187c0, 0x0000019cc22189f0]
Event: 5.603 Thread 0x0000019cd5e60e10 5720       3       org.springframework.data.util.Lazy::<init> (8 bytes)
Event: 5.603 Thread 0x0000019cd5e60e10 nmethod 5720 0x0000019cc2218a90 code [0x0000019cc2218c40, 0x0000019cc2218ea0]
Event: 5.615 Thread 0x0000019cd5e60e10 5721       3       org.springframework.core.convert.support.GenericConversionService$ConverterAdapter::<init> (41 bytes)
Event: 5.615 Thread 0x0000019cd5e60e10 nmethod 5721 0x0000019cc2218f90 code [0x0000019cc22191e0, 0x0000019cc2219da8]
Event: 5.615 Thread 0x0000019cd5e60e10 5722       3       org.springframework.core.convert.support.GenericConversionService$ConverterAdapter::getConvertibleTypes (8 bytes)
Event: 5.615 Thread 0x0000019cd5e60e10 nmethod 5722 0x0000019cc221a190 code [0x0000019cc221a360, 0x0000019cc221a700]
Event: 5.617 Thread 0x0000019cd5e60e10 5723       3       java.lang.invoke.MethodHandles$Lookup::getDirectMethod (18 bytes)
Event: 5.618 Thread 0x0000019cd5e60e10 nmethod 5723 0x0000019cc221a890 code [0x0000019cc221aa40, 0x0000019cc221ab90]
Event: 5.618 Thread 0x0000019cd5e60e10 5724       1       org.hibernate.internal.SessionFactoryImpl::getSessionFactoryOptions (5 bytes)
Event: 5.618 Thread 0x0000019cd5e60e10 nmethod 5724 0x0000019cc9630690 code [0x0000019cc9630820, 0x0000019cc96308e8]
Event: 6.655 Thread 0x0000019d1eb6a010 nmethod 5696 0x0000019cc9489290 code [0x0000019cc9489960, 0x0000019cc948d1d0]
Event: 6.656 Thread 0x0000019d1eb6a010 5705       4       org.springframework.util.ClassUtils::getUserClass (32 bytes)
Event: 6.657 Thread 0x0000019d1eb6a010 nmethod 5705 0x0000019cc9353310 code [0x0000019cc93534c0, 0x0000019cc93536f8]
Event: 6.658 Thread 0x0000019d1eb6a010 5704       4       org.springframework.core.annotation.AnnotationsScanner::scan (21 bytes)
Event: 6.671 Thread 0x0000019cd5e60e10 5725       2       sun.invoke.util.VerifyType::isNullConversion (157 bytes)
Event: 6.672 Thread 0x0000019cd5e60e10 nmethod 5725 0x0000019cc18d7d90 code [0x0000019cc18d7fc0, 0x0000019cc18d8640]

GC Heap History (20 events):
Event: 0.469 GC heap before
{Heap before GC invocations=0 (full 0):
 garbage-first heap   total 120832K, used 24576K [0x000000008a400000, 0x0000000100000000)
  region size 1024K, 23 young (23552K), 0 survivors (0K)
 Metaspace       used 5183K, committed 5376K, reserved 1114112K
  class space    used 586K, committed 704K, reserved 1048576K
}
Event: 0.473 GC heap after
{Heap after GC invocations=1 (full 0):
 garbage-first heap   total 120832K, used 7487K [0x000000008a400000, 0x0000000100000000)
  region size 1024K, 3 young (3072K), 3 survivors (3072K)
 Metaspace       used 5183K, committed 5376K, reserved 1114112K
  class space    used 586K, committed 704K, reserved 1048576K
}
Event: 0.893 GC heap before
{Heap before GC invocations=1 (full 0):
 garbage-first heap   total 120832K, used 37183K [0x000000008a400000, 0x0000000100000000)
  region size 1024K, 33 young (33792K), 3 survivors (3072K)
 Metaspace       used 12761K, committed 13056K, reserved 1114112K
  class space    used 1695K, committed 1792K, reserved 1048576K
}
Event: 0.897 GC heap after
{Heap after GC invocations=2 (full 0):
 garbage-first heap   total 120832K, used 10179K [0x000000008a400000, 0x0000000100000000)
  region size 1024K, 3 young (3072K), 3 survivors (3072K)
 Metaspace       used 12761K, committed 13056K, reserved 1114112K
  class space    used 1695K, committed 1792K, reserved 1048576K
}
Event: 1.250 GC heap before
{Heap before GC invocations=2 (full 0):
 garbage-first heap   total 120832K, used 47043K [0x000000008a400000, 0x0000000100000000)
  region size 1024K, 41 young (41984K), 3 survivors (3072K)
 Metaspace       used 21202K, committed 21504K, reserved 1114112K
  class space    used 2667K, committed 2816K, reserved 1048576K
}
Event: 1.255 GC heap after
{Heap after GC invocations=3 (full 0):
 garbage-first heap   total 120832K, used 13681K [0x000000008a400000, 0x0000000100000000)
  region size 1024K, 6 young (6144K), 6 survivors (6144K)
 Metaspace       used 21202K, committed 21504K, reserved 1114112K
  class space    used 2667K, committed 2816K, reserved 1048576K
}
Event: 1.766 GC heap before
{Heap before GC invocations=4 (full 0):
 garbage-first heap   total 51200K, used 50545K [0x000000008a400000, 0x0000000100000000)
  region size 1024K, 42 young (43008K), 6 survivors (6144K)
 Metaspace       used 25842K, committed 26176K, reserved 1114112K
  class space    used 3219K, committed 3392K, reserved 1048576K
}
Event: 1.771 GC heap after
{Heap after GC invocations=5 (full 0):
 garbage-first heap   total 61440K, used 16791K [0x000000008a400000, 0x0000000100000000)
  region size 1024K, 7 young (7168K), 7 survivors (7168K)
 Metaspace       used 25842K, committed 26176K, reserved 1114112K
  class space    used 3219K, committed 3392K, reserved 1048576K
}
Event: 2.358 GC heap before
{Heap before GC invocations=5 (full 0):
 garbage-first heap   total 61440K, used 46487K [0x000000008a400000, 0x0000000100000000)
  region size 1024K, 36 young (36864K), 7 survivors (7168K)
 Metaspace       used 30501K, committed 30912K, reserved 1114112K
  class space    used 3901K, committed 4096K, reserved 1048576K
}
Event: 2.363 GC heap after
{Heap after GC invocations=6 (full 0):
 garbage-first heap   total 61440K, used 19322K [0x000000008a400000, 0x0000000100000000)
  region size 1024K, 4 young (4096K), 4 survivors (4096K)
 Metaspace       used 30501K, committed 30912K, reserved 1114112K
  class space    used 3901K, committed 4096K, reserved 1048576K
}
Event: 2.896 GC heap before
{Heap before GC invocations=6 (full 0):
 garbage-first heap   total 61440K, used 44922K [0x000000008a400000, 0x0000000100000000)
  region size 1024K, 30 young (30720K), 4 survivors (4096K)
 Metaspace       used 35654K, committed 36096K, reserved 1114112K
  class space    used 4504K, committed 4672K, reserved 1048576K
}
Event: 2.899 GC heap after
{Heap after GC invocations=7 (full 0):
 garbage-first heap   total 61440K, used 21465K [0x000000008a400000, 0x0000000100000000)
  region size 1024K, 3 young (3072K), 3 survivors (3072K)
 Metaspace       used 35654K, committed 36096K, reserved 1114112K
  class space    used 4504K, committed 4672K, reserved 1048576K
}
Event: 3.498 GC heap before
{Heap before GC invocations=8 (full 0):
 garbage-first heap   total 61440K, used 50137K [0x000000008a400000, 0x0000000100000000)
  region size 1024K, 31 young (31744K), 3 survivors (3072K)
 Metaspace       used 42309K, committed 42816K, reserved 1114112K
  class space    used 5537K, committed 5760K, reserved 1048576K
}
Event: 3.501 GC heap after
{Heap after GC invocations=9 (full 0):
 garbage-first heap   total 61440K, used 23081K [0x000000008a400000, 0x0000000100000000)
  region size 1024K, 4 young (4096K), 4 survivors (4096K)
 Metaspace       used 42309K, committed 42816K, reserved 1114112K
  class space    used 5537K, committed 5760K, reserved 1048576K
}
Event: 3.986 GC heap before
{Heap before GC invocations=9 (full 0):
 garbage-first heap   total 61440K, used 50729K [0x000000008a400000, 0x0000000100000000)
  region size 1024K, 32 young (32768K), 4 survivors (4096K)
 Metaspace       used 49386K, committed 49984K, reserved 1114112K
  class space    used 6417K, committed 6720K, reserved 1048576K
}
Event: 3.989 GC heap after
{Heap after GC invocations=10 (full 0):
 garbage-first heap   total 61440K, used 24543K [0x000000008a400000, 0x0000000100000000)
  region size 1024K, 4 young (4096K), 4 survivors (4096K)
 Metaspace       used 49386K, committed 49984K, reserved 1114112K
  class space    used 6417K, committed 6720K, reserved 1048576K
}
Event: 4.363 GC heap before
{Heap before GC invocations=10 (full 0):
 garbage-first heap   total 61440K, used 51167K [0x000000008a400000, 0x0000000100000000)
  region size 1024K, 31 young (31744K), 4 survivors (4096K)
 Metaspace       used 56104K, committed 56704K, reserved 1114112K
  class space    used 7525K, committed 7808K, reserved 1048576K
}
Event: 4.365 GC heap after
{Heap after GC invocations=11 (full 0):
 garbage-first heap   total 61440K, used 25764K [0x000000008a400000, 0x0000000100000000)
  region size 1024K, 3 young (3072K), 3 survivors (3072K)
 Metaspace       used 56104K, committed 56704K, reserved 1114112K
  class space    used 7525K, committed 7808K, reserved 1048576K
}
Event: 5.623 GC heap before
{Heap before GC invocations=11 (full 0):
 garbage-first heap   total 61440K, used 42148K [0x000000008a400000, 0x0000000100000000)
  region size 1024K, 20 young (20480K), 3 survivors (3072K)
 Metaspace       used 59728K, committed 60288K, reserved 1114112K
  class space    used 7988K, committed 8256K, reserved 1048576K
}
Event: 5.627 GC heap after
{Heap after GC invocations=12 (full 0):
 garbage-first heap   total 61440K, used 27456K [0x000000008a400000, 0x0000000100000000)
  region size 1024K, 3 young (3072K), 3 survivors (3072K)
 Metaspace       used 59728K, committed 60288K, reserved 1114112K
  class space    used 7988K, committed 8256K, reserved 1048576K
}

Dll operation events (13 events):
Event: 0.007 Loaded shared library C:\Program Files\Java\jdk-21\bin\java.dll
Event: 0.030 Loaded shared library C:\Program Files\Java\jdk-21\bin\jsvml.dll
Event: 0.087 Loaded shared library C:\Program Files\Java\jdk-21\bin\zip.dll
Event: 0.090 Loaded shared library C:\Program Files\Java\jdk-21\bin\instrument.dll
Event: 0.094 Loaded shared library C:\Program Files\Java\jdk-21\bin\net.dll
Event: 0.095 Loaded shared library C:\Program Files\Java\jdk-21\bin\nio.dll
Event: 0.098 Loaded shared library C:\Program Files\Java\jdk-21\bin\zip.dll
Event: 0.170 Loaded shared library C:\Program Files\Java\jdk-21\bin\extnet.dll
Event: 0.195 Loaded shared library C:\Program Files\Java\jdk-21\bin\jimage.dll
Event: 0.384 Loaded shared library C:\Program Files\Java\jdk-21\bin\management.dll
Event: 0.388 Loaded shared library C:\Program Files\Java\jdk-21\bin\management_ext.dll
Event: 1.305 Loaded shared library C:\Program Files\Java\jdk-21\bin\sunmscapi.dll
Event: 3.209 Loaded shared library C:\Program Files\Java\jdk-21\bin\verify.dll

Deoptimization events (20 events):
Event: 5.543 Thread 0x0000019d1b854b40 Uncommon trap: trap_request=0xffffff45 fr.pc=0x0000019cc95cdf94 relative=0x00000000000000d4
Event: 5.543 Thread 0x0000019d1b854b40 Uncommon trap: reason=unstable_if action=reinterpret pc=0x0000019cc95cdf94 method=java.lang.reflect.Method.equals(Ljava/lang/Object;)Z @ 45 c2
Event: 5.543 Thread 0x0000019d1b854b40 DEOPT PACKING pc=0x0000019cc95cdf94 sp=0x0000003b051fb380
Event: 5.543 Thread 0x0000019d1b854b40 DEOPT UNPACKING pc=0x0000019cc8d546a2 sp=0x0000003b051fb308 mode 2
Event: 5.546 Thread 0x0000019d1b854b40 Uncommon trap: trap_request=0xffffff45 fr.pc=0x0000019cc9481f24 relative=0x00000000000000e4
Event: 5.546 Thread 0x0000019d1b854b40 Uncommon trap: reason=unstable_if action=reinterpret pc=0x0000019cc9481f24 method=org.springframework.core.ResolvableType.resolveClass()Ljava/lang/Class; @ 38 c2
Event: 5.547 Thread 0x0000019d1b854b40 DEOPT PACKING pc=0x0000019cc9481f24 sp=0x0000003b051fb480
Event: 5.547 Thread 0x0000019d1b854b40 DEOPT UNPACKING pc=0x0000019cc8d546a2 sp=0x0000003b051fb3f8 mode 2
Event: 5.548 Thread 0x0000019d1b854b40 Uncommon trap: trap_request=0xffffff45 fr.pc=0x0000019cc9543488 relative=0x00000000000001e8
Event: 5.548 Thread 0x0000019d1b854b40 Uncommon trap: reason=unstable_if action=reinterpret pc=0x0000019cc9543488 method=java.util.ArrayDeque.addLast(Ljava/lang/Object;)V @ 42 c2
Event: 5.548 Thread 0x0000019d1b854b40 DEOPT PACKING pc=0x0000019cc9543488 sp=0x0000003b051fbe20
Event: 5.548 Thread 0x0000019d1b854b40 DEOPT UNPACKING pc=0x0000019cc8d546a2 sp=0x0000003b051fbd78 mode 2
Event: 5.549 Thread 0x0000019d1b854b40 Uncommon trap: trap_request=0xffffff45 fr.pc=0x0000019cc96023c8 relative=0x00000000000003e8
Event: 5.549 Thread 0x0000019d1b854b40 Uncommon trap: reason=unstable_if action=reinterpret pc=0x0000019cc96023c8 method=jdk.internal.reflect.DirectMethodHandleAccessor.checkArgumentCount(I[Ljava/lang/Object;)V @ 1 c2
Event: 5.549 Thread 0x0000019d1b854b40 DEOPT PACKING pc=0x0000019cc96023c8 sp=0x0000003b051fb6c0
Event: 5.549 Thread 0x0000019d1b854b40 DEOPT UNPACKING pc=0x0000019cc8d546a2 sp=0x0000003b051fb5f0 mode 2
Event: 5.549 Thread 0x0000019d1b854b40 Uncommon trap: trap_request=0xffffff45 fr.pc=0x0000019cc95fc688 relative=0x0000000000000068
Event: 5.549 Thread 0x0000019d1b854b40 Uncommon trap: reason=unstable_if action=reinterpret pc=0x0000019cc95fc688 method=jdk.internal.reflect.DirectMethodHandleAccessor.checkArgumentCount(I[Ljava/lang/Object;)V @ 1 c2
Event: 5.549 Thread 0x0000019d1b854b40 DEOPT PACKING pc=0x0000019cc95fc688 sp=0x0000003b051fb5d0
Event: 5.549 Thread 0x0000019d1b854b40 DEOPT UNPACKING pc=0x0000019cc8d546a2 sp=0x0000003b051fb568 mode 2

Classes loaded (20 events):
Event: 4.028 Loading class sun/net/ConnectionResetException
Event: 4.029 Loading class sun/net/ConnectionResetException done
Event: 4.031 Loading class java/util/ResourceBundle$Control$1
Event: 4.031 Loading class java/util/ResourceBundle$Control$1 done
Event: 4.165 Loading class java/util/ArrayList$ListItr
Event: 4.165 Loading class java/util/ArrayList$ListItr done
Event: 4.191 Loading class java/util/AbstractList$SubList
Event: 4.191 Loading class java/util/AbstractList$SubList done
Event: 4.252 Loading class java/lang/foreign/ValueLayout
Event: 4.253 Loading class java/lang/foreign/MemoryLayout
Event: 4.253 Loading class java/lang/foreign/MemoryLayout done
Event: 4.253 Loading class java/lang/foreign/ValueLayout done
Event: 4.256 Loading class jdk/internal/org/objectweb/asm/ClassReader
Event: 4.257 Loading class jdk/internal/org/objectweb/asm/ClassReader done
Event: 5.525 Loading class javax/naming/Reference
Event: 5.525 Loading class javax/naming/Reference done
Event: 5.545 Loading class java/lang/SafeVarargs
Event: 5.545 Loading class java/lang/SafeVarargs done
Event: 5.546 Loading class sun/reflect/generics/reflectiveObjects/GenericArrayTypeImpl
Event: 5.546 Loading class sun/reflect/generics/reflectiveObjects/GenericArrayTypeImpl done

Classes unloaded (0 events):
No events

Classes redefined (0 events):
No events

Internal exceptions (20 events):
Event: 3.985 Thread 0x0000019d1b854b40 Exception <a 'java/lang/NoSuchMethodError'{0x000000008c1d4eb8}: 'java.lang.Object java.lang.invoke.DirectMethodHandle$Holder.invokeStaticInit(java.lang.Object, java.lang.Object, int, java.lang.Object)'> (0x000000008c1d4eb8) 
thrown [s\open\src\hotspot\share\interpreter\linkResolver.cpp, line 773]
Event: 4.029 Thread 0x0000019d1e326b20 Exception <a 'sun/net/ConnectionResetException'{0x000000008ee800c0}: Connection reset> (0x000000008ee800c0) 
thrown [s\open\src\hotspot\share\prims\jni.cpp, line 539]
Event: 4.366 Thread 0x0000019d1b854b40 Exception <a 'java/lang/NoSuchMethodError'{0x0000000091908168}: 'void java.lang.invoke.DirectMethodHandle$Holder.invokeInterface(java.lang.Object, java.lang.Object, int, java.lang.Object)'> (0x0000000091908168) 
thrown [s\open\src\hotspot\share\interpreter\linkResolver.cpp, line 773]
Event: 4.368 Thread 0x0000019d1b854b40 Exception <a 'java/lang/NoSuchMethodError'{0x000000009192caa8}: 'java.lang.Object java.lang.invoke.DirectMethodHandle$Holder.newInvokeSpecial(java.lang.Object, java.lang.Object, int, java.lang.Object)'> (0x000000009192caa8) 
thrown [s\open\src\hotspot\share\interpreter\linkResolver.cpp, line 773]
Event: 4.376 Thread 0x0000019d1b854b40 Exception <a 'java/lang/NoSuchMethodError'{0x00000000919c0280}: 'void java.lang.invoke.DirectMethodHandle$Holder.invokeSpecial(java.lang.Object, java.lang.Object, java.lang.Object, java.lang.Object, java.lang.Object, java.lang.Object, java.lang.Object, java.lang.Object)'> (0x00000000919c0280) 
thrown [s\open\src\hotspot\share\interpreter\linkResolver.cpp, line 773]
Event: 4.380 Thread 0x0000019d1b854b40 Exception <a 'java/lang/NoSuchMethodError'{0x00000000919fad80}: 'void java.lang.invoke.DirectMethodHandle$Holder.invokeSpecial(java.lang.Object, java.lang.Object, int, java.lang.Object)'> (0x00000000919fad80) 
thrown [s\open\src\hotspot\share\interpreter\linkResolver.cpp, line 773]
Event: 4.380 Thread 0x0000019d1b854b40 Exception <a 'java/lang/IncompatibleClassChangeError'{0x000000008f001538}: Found class java.lang.Object, but interface was expected> (0x000000008f001538) 
thrown [s\open\src\hotspot\share\interpreter\linkResolver.cpp, line 840]
Event: 4.397 Thread 0x0000019d1b854b40 Exception <a 'java/lang/NoSuchMethodError'{0x000000008ef77158}: 'java.lang.Object java.lang.invoke.DirectMethodHandle$Holder.newInvokeSpecial(java.lang.Object, java.lang.Object, java.lang.Object, java.lang.Object, java.lang.Object, int, java.lang.Object)'> (0x000000008ef77158) 
thrown [s\open\src\hotspot\share\interpreter\linkResolver.cpp, line 773]
Event: 4.400 Thread 0x0000019d1b854b40 Exception <a 'java/lang/NoSuchMethodError'{0x000000008efa9d88}: 'java.lang.Object java.lang.invoke.DirectMethodHandle$Holder.newInvokeSpecial(java.lang.Object, java.lang.Object, java.lang.Object, java.lang.Object, java.lang.Object, java.lang.Object, java.lang.Object, java.lang.Object, java.lang.Object, java.lang.Object, java.lang.Object, java.lang.Object)'> (0x000000008efa9d88) 
thrown [s\open\src\hotspot\share\interpreter\linkResolver.cpp, line 773]
Event: 4.400 Thread 0x0000019d1b854b40 Exception <a 'java/lang/NoSuchMethodError'{0x000000008efb2c98}: 'java.lang.Object java.lang.invoke.Invokers$Holder.linkToTargetMethod(java.lang.Object, java.lang.Object, java.lang.Object, java.lang.Object, java.lang.Object, java.lang.Object, java.lang.Object, java.lang.Object, java.lang.Object, java.lang.Object, java.lang.Object, java.lang.Object)'> (0x000000008efb2c98) 
thrown [s\open\src\hotspot\share\interpreter\linkResolver.cpp, line 773]
Event: 4.426 Thread 0x0000019d1b854b40 Exception <a 'java/lang/IncompatibleClassChangeError'{0x000000008ed90200}: Found class java.lang.Object, but interface was expected> (0x000000008ed90200) 
thrown [s\open\src\hotspot\share\interpreter\linkResolver.cpp, line 840]
Event: 4.432 Thread 0x0000019d1b854b40 Exception <a 'java/lang/NoSuchMethodError'{0x000000008ec082a8}: 'java.lang.Object java.lang.invoke.DirectMethodHandle$Holder.newInvokeSpecial(java.lang.Object, java.lang.Object, java.lang.Object, java.lang.Object, java.lang.Object, java.lang.Object, java.lang.Object, int)'> (0x000000008ec082a8) 
thrown [s\open\src\hotspot\share\interpreter\linkResolver.cpp, line 773]
Event: 4.432 Thread 0x0000019d1b854b40 Exception <a 'java/lang/NoSuchMethodError'{0x000000008ec0c818}: 'java.lang.Object java.lang.invoke.DirectMethodHandle$Holder.invokeSpecial(java.lang.Object, java.lang.Object, java.lang.Object, java.lang.Object, java.lang.Object, java.lang.Object, java.lang.Object, java.lang.Object, int)'> (0x000000008ec0c818) 
thrown [s\open\src\hotspot\share\interpreter\linkResolver.cpp, line 773]
Event: 4.432 Thread 0x0000019d1b854b40 Exception <a 'java/lang/NoSuchMethodError'{0x000000008ec10840}: 'java.lang.Object java.lang.invoke.Invokers$Holder.linkToTargetMethod(java.lang.Object, java.lang.Object, java.lang.Object, java.lang.Object, java.lang.Object, java.lang.Object, int, java.lang.Object)'> (0x000000008ec10840) 
thrown [s\open\src\hotspot\share\interpreter\linkResolver.cpp, line 773]
Event: 4.446 Thread 0x0000019d1b854b40 Exception <a 'java/lang/NoSuchMethodError'{0x000000008ecdf2a0}: 'void java.lang.invoke.DirectMethodHandle$Holder.invokeInterface(java.lang.Object, java.lang.Object)'> (0x000000008ecdf2a0) 
thrown [s\open\src\hotspot\share\interpreter\linkResolver.cpp, line 773]
Event: 5.543 Thread 0x0000019d1b854b40 Implicit null exception at 0x0000019cc961bf7b to 0x0000019cc961c0ac
Event: 5.549 Thread 0x0000019d1b854b40 Implicit null exception at 0x0000019cc9602071 to 0x0000019cc96023a4
Event: 5.549 Thread 0x0000019d1b854b40 Implicit null exception at 0x0000019cc95fc63a to 0x0000019cc95fc674
Event: 5.575 Thread 0x0000019d1b854b40 Exception <a 'java/lang/IncompatibleClassChangeError'{0x000000008ce65ce8}: Found class java.lang.Object, but interface was expected> (0x000000008ce65ce8) 
thrown [s\open\src\hotspot\share\interpreter\linkResolver.cpp, line 840]
Event: 5.608 Thread 0x0000019d1b854b40 Exception <a 'java/lang/IncompatibleClassChangeError'{0x000000008cdf6130}: Found class java.lang.Object, but interface was expected> (0x000000008cdf6130) 
thrown [s\open\src\hotspot\share\interpreter\linkResolver.cpp, line 840]

ZGC Phase Switch (0 events):
No events

VM Operations (20 events):
Event: 3.498 Executing VM operation: G1CollectForAllocation (G1 Evacuation Pause)
Event: 3.501 Executing VM operation: G1CollectForAllocation (G1 Evacuation Pause) done
Event: 3.986 Executing VM operation: G1CollectForAllocation (G1 Evacuation Pause)
Event: 3.989 Executing VM operation: G1CollectForAllocation (G1 Evacuation Pause) done
Event: 4.162 Executing VM operation: HandshakeAllThreads (Deoptimize)
Event: 4.162 Executing VM operation: HandshakeAllThreads (Deoptimize) done
Event: 4.165 Executing VM operation: HandshakeAllThreads (Deoptimize)
Event: 4.165 Executing VM operation: HandshakeAllThreads (Deoptimize) done
Event: 4.303 Executing VM operation: ICBufferFull
Event: 4.303 Executing VM operation: ICBufferFull done
Event: 4.363 Executing VM operation: G1CollectForAllocation (G1 Evacuation Pause)
Event: 4.365 Executing VM operation: G1CollectForAllocation (G1 Evacuation Pause) done
Event: 5.369 Executing VM operation: Cleanup
Event: 5.369 Executing VM operation: Cleanup done
Event: 5.623 Executing VM operation: CollectForMetadataAllocation (Metadata GC Threshold)
Event: 5.627 Executing VM operation: CollectForMetadataAllocation (Metadata GC Threshold) done
Event: 5.636 Executing VM operation: G1PauseRemark
Event: 6.652 Executing VM operation: G1PauseRemark done
Event: 6.656 Executing VM operation: G1PauseCleanup
Event: 6.657 Executing VM operation: G1PauseCleanup done

Events (20 events):
Event: 6.651 Thread 0x0000019cd5e366f0 flushing nmethod 0x0000019cc1a7b490
Event: 6.651 Thread 0x0000019cd5e366f0 flushing nmethod 0x0000019cc1a7cf90
Event: 6.651 Thread 0x0000019cd5e366f0 flushing nmethod 0x0000019cc1a7ee90
Event: 6.651 Thread 0x0000019cd5e366f0 flushing nmethod 0x0000019cc1b1d890
Event: 6.651 Thread 0x0000019cd5e366f0 flushing nmethod 0x0000019cc1b21010
Event: 6.651 Thread 0x0000019cd5e366f0 flushing nmethod 0x0000019cc1b68910
Event: 6.651 Thread 0x0000019cd5e366f0 flushing nmethod 0x0000019cc1b68d10
Event: 6.651 Thread 0x0000019cd5e366f0 flushing nmethod 0x0000019cc1b6da90
Event: 6.651 Thread 0x0000019cd5e366f0 flushing nmethod 0x0000019cc1b6e590
Event: 6.651 Thread 0x0000019cd5e366f0 flushing nmethod 0x0000019cc1bd5a10
Event: 6.651 Thread 0x0000019cd5e366f0 flushing nmethod 0x0000019cc1bda710
Event: 6.651 Thread 0x0000019cd5e366f0 flushing nmethod 0x0000019cc1c54590
Event: 6.651 Thread 0x0000019cd5e366f0 flushing nmethod 0x0000019cc1dae410
Event: 6.651 Thread 0x0000019cd5e366f0 flushing nmethod 0x0000019cc1eba910
Event: 6.651 Thread 0x0000019cd5e366f0 flushing nmethod 0x0000019cc1ebef90
Event: 6.651 Thread 0x0000019cd5e366f0 flushing nmethod 0x0000019cc1ec7910
Event: 6.651 Thread 0x0000019cd5e366f0 flushing nmethod 0x0000019cc1ec8d10
Event: 6.651 Thread 0x0000019cd5e366f0 flushing nmethod 0x0000019cc2010b10
Event: 6.651 Thread 0x0000019cd5e366f0 flushing nmethod 0x0000019cc2010e10
Event: 6.651 Thread 0x0000019cd5e366f0 flushing nmethod 0x0000019cc2011310


Dynamic libraries:
0x00007ff789360000 - 0x00007ff789370000 	C:\Program Files\Java\jdk-21\bin\java.exe
0x00007fffb2de0000 - 0x00007fffb3048000 	C:\WINDOWS\SYSTEM32\ntdll.dll
0x00007fffb2010000 - 0x00007fffb20d9000 	C:\WINDOWS\System32\KERNEL32.DLL
0x00007fffaff70000 - 0x00007fffb0362000 	C:\WINDOWS\System32\KERNELBASE.dll
0x00007fffb0810000 - 0x00007fffb095b000 	C:\WINDOWS\System32\ucrtbase.dll
0x00007fffa2550000 - 0x00007fffa2569000 	C:\Program Files\Java\jdk-21\bin\jli.dll
0x00007fffa29a0000 - 0x00007fffa29bb000 	C:\Program Files\Java\jdk-21\bin\VCRUNTIME140.dll
0x00007fffb1e20000 - 0x00007fffb1ed4000 	C:\WINDOWS\System32\ADVAPI32.dll
0x00007fffb2920000 - 0x00007fffb29c9000 	C:\WINDOWS\System32\msvcrt.dll
0x00007fffb2cf0000 - 0x00007fffb2d96000 	C:\WINDOWS\System32\sechost.dll
0x00007fffb2b50000 - 0x00007fffb2c68000 	C:\WINDOWS\System32\RPCRT4.dll
0x00007fffb1a50000 - 0x00007fffb1c15000 	C:\WINDOWS\System32\USER32.dll
0x00007fff9eb40000 - 0x00007fff9edd3000 	C:\WINDOWS\WinSxS\amd64_microsoft.windows.common-controls_6595b64144ccf1df_6.0.26100.6725_none_3e085828e334708b\COMCTL32.dll
0x00007fffb0b80000 - 0x00007fffb0ba7000 	C:\WINDOWS\System32\win32u.dll
0x00007fffb1a20000 - 0x00007fffb1a4b000 	C:\WINDOWS\System32\GDI32.dll
0x00007fffb06e0000 - 0x00007fffb080d000 	C:\WINDOWS\System32\gdi32full.dll
0x00007fffb0ad0000 - 0x00007fffb0b73000 	C:\WINDOWS\System32\msvcp_win.dll
0x00007fffaa020000 - 0x00007fffaa02b000 	C:\WINDOWS\SYSTEM32\VERSION.dll
0x00007fffb1ca0000 - 0x00007fffb1ccf000 	C:\WINDOWS\System32\IMM32.DLL
0x00007fffa2f10000 - 0x00007fffa2f1c000 	C:\Program Files\Java\jdk-21\bin\vcruntime140_1.dll
0x00007fffa0da0000 - 0x00007fffa0e2e000 	C:\Program Files\Java\jdk-21\bin\msvcp140.dll
0x00007fff1e5b0000 - 0x00007fff1f2cd000 	C:\Program Files\Java\jdk-21\bin\server\jvm.dll
0x00007fffb1220000 - 0x00007fffb1294000 	C:\WINDOWS\System32\WS2_32.dll
0x00007fffafdd0000 - 0x00007fffafe2e000 	C:\WINDOWS\SYSTEM32\POWRPROF.dll
0x00007fffa92f0000 - 0x00007fffa9325000 	C:\WINDOWS\SYSTEM32\WINMM.dll
0x00007fffafdb0000 - 0x00007fffafdc4000 	C:\WINDOWS\SYSTEM32\UMPDC.dll
0x00007fffaed00000 - 0x00007fffaed1b000 	C:\WINDOWS\SYSTEM32\kernel.appcore.dll
0x00007fffa29d0000 - 0x00007fffa29da000 	C:\Program Files\Java\jdk-21\bin\jimage.dll
0x00007fffad920000 - 0x00007fffadb62000 	C:\WINDOWS\SYSTEM32\DBGHELP.DLL
0x00007fffb2510000 - 0x00007fffb288b000 	C:\WINDOWS\System32\combase.dll
0x00007fffb1ce0000 - 0x00007fffb1db7000 	C:\WINDOWS\System32\OLEAUT32.dll
0x00007fff9ede0000 - 0x00007fff9ee1c000 	C:\WINDOWS\SYSTEM32\dbgcore.DLL
0x00007fffb04f0000 - 0x00007fffb0588000 	C:\WINDOWS\System32\bcryptPrimitives.dll
0x00007fffa2510000 - 0x00007fffa251f000 	C:\Program Files\Java\jdk-21\bin\instrument.dll
0x00007fffa23a0000 - 0x00007fffa23bf000 	C:\Program Files\Java\jdk-21\bin\java.dll
0x00007fffb12d0000 - 0x00007fffb1a1c000 	C:\WINDOWS\System32\SHELL32.dll
0x00007fffb0960000 - 0x00007fffb0acb000 	C:\WINDOWS\System32\wintypes.dll
0x00007fffadba0000 - 0x00007fffae3fd000 	C:\WINDOWS\SYSTEM32\windows.storage.dll
0x00007fffb2a40000 - 0x00007fffb2b32000 	C:\WINDOWS\System32\SHCORE.dll
0x00007fffb29d0000 - 0x00007fffb2a32000 	C:\WINDOWS\System32\shlwapi.dll
0x00007fffafe90000 - 0x00007fffafeb9000 	C:\WINDOWS\SYSTEM32\profapi.dll
0x00007fff83c00000 - 0x00007fff83cd7000 	C:\Program Files\Java\jdk-21\bin\jsvml.dll
0x00007fffa0d80000 - 0x00007fffa0d98000 	C:\Program Files\Java\jdk-21\bin\zip.dll
0x00007fffa2390000 - 0x00007fffa23a0000 	C:\Program Files\Java\jdk-21\bin\net.dll
0x00007fffa91c0000 - 0x00007fffa92df000 	C:\WINDOWS\SYSTEM32\WINHTTP.dll
0x00007fffaf250000 - 0x00007fffaf2bb000 	C:\WINDOWS\system32\mswsock.dll
0x00007fffa1ab0000 - 0x00007fffa1ac6000 	C:\Program Files\Java\jdk-21\bin\nio.dll
0x00007fffa0d60000 - 0x00007fffa0d69000 	C:\Program Files\Java\jdk-21\bin\extnet.dll
0x00007fffa0bc0000 - 0x00007fffa0bca000 	C:\Program Files\Java\jdk-21\bin\management.dll
0x00007fffa0bb0000 - 0x00007fffa0bbb000 	C:\Program Files\Java\jdk-21\bin\management_ext.dll
0x00007fffb2350000 - 0x00007fffb2358000 	C:\WINDOWS\System32\PSAPI.DLL
0x00007fffa0d50000 - 0x00007fffa0d5e000 	C:\Program Files\Java\jdk-21\bin\sunmscapi.dll
0x00007fffb0370000 - 0x00007fffb04e7000 	C:\WINDOWS\System32\CRYPT32.dll
0x00007fffaf700000 - 0x00007fffaf730000 	C:\WINDOWS\SYSTEM32\ncrypt.dll
0x00007fffaf6b0000 - 0x00007fffaf6ef000 	C:\WINDOWS\SYSTEM32\NTASN1.dll
0x00007fffaf5b0000 - 0x00007fffaf5cb000 	C:\WINDOWS\SYSTEM32\CRYPTSP.dll
0x00007fffaec60000 - 0x00007fffaec9b000 	C:\WINDOWS\system32\rsaenh.dll
0x00007fffaf2f0000 - 0x00007fffaf31b000 	C:\WINDOWS\SYSTEM32\USERENV.dll
0x00007fffafe60000 - 0x00007fffafe86000 	C:\WINDOWS\SYSTEM32\bcrypt.dll
0x00007fffaf490000 - 0x00007fffaf49c000 	C:\WINDOWS\SYSTEM32\CRYPTBASE.dll
0x00007fffae750000 - 0x00007fffae784000 	C:\WINDOWS\SYSTEM32\IPHLPAPI.DLL
0x00007fffb2b40000 - 0x00007fffb2b4a000 	C:\WINDOWS\System32\NSI.dll
0x00007fffae7f0000 - 0x00007fffae916000 	C:\WINDOWS\SYSTEM32\DNSAPI.dll
0x00007fffa63e0000 - 0x00007fffa63eb000 	C:\Windows\System32\rasadhlp.dll
0x00007fffa6f30000 - 0x00007fffa6fb6000 	C:\WINDOWS\System32\fwpuclnt.dll
0x00007fffa0ba0000 - 0x00007fffa0bb0000 	C:\Program Files\Java\jdk-21\bin\verify.dll

dbghelp: loaded successfully - version: 4.0.5 - missing functions: none
symbol engine: initialized successfully - sym options: 0x614 - pdb path: .;C:\Program Files\Java\jdk-21\bin;C:\WINDOWS\SYSTEM32;C:\WINDOWS\WinSxS\amd64_microsoft.windows.common-controls_6595b64144ccf1df_6.0.26100.6725_none_3e085828e334708b;C:\Program Files\Java\jdk-21\bin\server

VM Arguments:
jvm_args: -javaagent:C:\Program Files\JetBrains\IntelliJ IDEA Community Edition 2025.2\lib\idea_rt.jar=63521 -Dfile.encoding=UTF-8 -Dsun.stdout.encoding=UTF-8 -Dsun.stderr.encoding=UTF-8 
java_command: com.br.pdvpostocombustivel.PdvpostocombustivelApplication
java_class_path (initial): C:\Users\Aluno\Documents\Projetos\pdv-posto-de-combustivel\pdvpostocombustivel\target\classes;C:\Users\Aluno\.m2\repository\org\springframework\boot\spring-boot-starter-web\3.4.10-SNAPSHOT\spring-boot-starter-web-3.4.10-20250918.080816-39.jar;C:\Users\Aluno\.m2\repository\org\springframework\boot\spring-boot-starter\3.4.10-SNAPSHOT\spring-boot-starter-3.4.10-20250918.080816-39.jar;C:\Users\Aluno\.m2\repository\org\springframework\boot\spring-boot-starter-logging\3.4.10-SNAPSHOT\spring-boot-starter-logging-3.4.10-20250918.080816-39.jar;C:\Users\Aluno\.m2\repository\ch\qos\logback\logback-classic\1.5.18\logback-classic-1.5.18.jar;C:\Users\Aluno\.m2\repository\ch\qos\logback\logback-core\1.5.18\logback-core-1.5.18.jar;C:\Users\Aluno\.m2\repository\org\apache\logging\log4j\log4j-to-slf4j\2.24.3\log4j-to-slf4j-2.24.3.jar;C:\Users\Aluno\.m2\repository\org\apache\logging\log4j\log4j-api\2.24.3\log4j-api-2.24.3.jar;C:\Users\Aluno\.m2\repository\org\slf4j\jul-to-slf4j\2.0.17\jul-to-slf4j-2.0.17.jar;C:\Users\Aluno\.m2\repository\jakarta\annotation\jakarta.annotation-api\2.1.1\jakarta.annotation-api-2.1.1.jar;C:\Users\Aluno\.m2\repository\org\yaml\snakeyaml\2.3\snakeyaml-2.3.jar;C:\Users\Aluno\.m2\repository\org\springframework\boot\spring-boot-starter-json\3.4.10-SNAPSHOT\spring-boot-starter-json-3.4.10-20250918.080816-39.jar;C:\Users\Aluno\.m2\repository\com\fasterxml\jackson\core\jackson-databind\2.18.4\jackson-databind-2.18.4.jar;C:\Users\Aluno\.m2\repository\com\fasterxml\jackson\core\jackson-annotations\2.18.4\jackson-annotations-2.18.4.jar;C:\Users\Aluno\.m2\repository\com\fasterxml\jackson\core\jackson-core\2.18.4.1\jackson-core-2.18.4.1.jar;C:\Users\Aluno\.m2\repository\com\fasterxml\jackson\datatype\jackson-datatype-jdk8\2.18.4\jackson-datatype-jdk8-2.18.4.jar;C:\Users\Aluno\.m2\repository\com\fasterxml\jackson\datatype\jackson-datatype-jsr310\2.18.4\jackson-datatype-jsr310-2.18.4.jar;C:\Users\Aluno\.m2\repository\com\fasterxml\jackson\module\jackson-module-parameter-names\2.18.4\jackson-module-parameter-names-2.18.4.jar;C:\Users\Aluno\.m2\repository\org\springframework\boot\spring-boot-starter-tomcat\3.4.10-SNAPSHOT\spring-boot-starter-tomcat-3.4.10-20250918.080816-39.jar;C:\Users\Aluno\.m2\repository\org\apache\tomcat\embed\tomcat-embed-core\10.1.46\tomcat-embed-core-10.1.46.jar;C:\Users\Aluno\.m2\repository\org\apache\tomcat\embed\tomcat-embed-websocket\10.1.46\tomcat-embed-websocket-10.1.46.jar;C:\Users\Aluno\.m2\repository\org\springframework\spring-web\6.2.11\spring-web-6.2.11.jar;C:\Users\Aluno\.m2\repository\org\springframework\spring-beans\6.2.11\spring-beans-6.2.11.jar;C:\Users\Aluno\.m2\repository\io\micrometer\micrometer-observation\1.14.11\micrometer-observation-1.14.11.jar;C:\Users\Aluno\.m2\repository\io\micrometer\micrometer-commons\1.14.11\micrometer-commons-1.14.11.jar;C:\Users\Aluno\.m2\repository\org\springframework\spring-webmvc\6.2.11\spring-webmvc-6.2.11.jar;C:\Users\Aluno\.m2\repository\org\springframework\spring-aop\6.2.11\spring-aop-6.2.11.jar;C:\Users\Aluno\.m2\repository\org\springframework\spring-context\6.2.11\spring-context-6.2.11.jar;C:\Users\Aluno\.m2\repository\org\springframework\spring-expression\6.2.11\spring-expression-6.2.11.jar;C:\Users\Aluno\.m2\repository\org\springframework\boot\spring-boot-starter-data-jpa\3.4.10-SNAPSHOT\spring-boot-starter-data-jpa-3.4.10-20250918.080816-39.jar;C:\Users\Aluno\.m2\repository\org\springframework\boot\spring-boot-starter-jdbc\3.4.10-SNAPSHOT\spring-boot-starter-jdbc-3.4.10-20250918.080816-39.jar;C:\Users\Aluno\.m2\repository\com\zaxxer\HikariCP\5.1.0\HikariCP-5.1.0.jar;C:\Users\Aluno\.m2\repository\org\springframework\spring-jdbc\6.2.11\spring-jdbc-6.2.11.jar;C:\Users\Aluno\.m2\repository\org\hibernate\orm\hibernate-core\6.6.29.Final\hibernate-core-6.6.29.Final.jar;C:\Users\Aluno\.m2\repository\jakarta\persistence\jakarta.persistence-api\3.1.0\jakarta.persistence-api-3.1.0.jar;C:\Users\Aluno\.m2\repository\jakarta\transaction\jakarta.transaction-api\2.0.1\jakarta.transaction-api-2.0.1.jar;C:\Users\Aluno\.m2\repository\org\jboss\logging\jboss-logging\3.6.1.Final\jboss-logging-3.6.1.Final.jar;C:\Users\Aluno\.m2\repository\org\hibernate\common\hibernate-commons-annotations\7.0.3.Final\hibernate-commons-annotations-7.0.3.Final.jar;C:\Users\Aluno\.m2\repository\io\smallrye\jandex\3.2.0\jandex-3.2.0.jar;C:\Users\Aluno\.m2\repository\com\fasterxml\classmate\1.7.0\classmate-1.7.0.jar;C:\Users\Aluno\.m2\repository\net\bytebuddy\byte-buddy\1.15.11\byte-buddy-1.15.11.jar;C:\Users\Aluno\.m2\repository\org\glassfish\jaxb\jaxb-runtime\4.0.5\jaxb-runtime-4.0.5.jar;C:\Users\Aluno\.m2\repository\org\glassfish\jaxb\jaxb-core\4.0.5\jaxb-core-4.0.5.jar;C:\Users\Aluno\.m2\repository\org\eclipse\angus\angus-activation\2.0.2\angus-activation-2.0.2.jar;C:\Users\Aluno\.m2\repository\org\glassfish\jaxb\txw2\4.0.5\txw2-4.0.5.jar;C:\Users\Aluno\.m2\repository\com\sun\istack\istack-commons-runtime\4.1.2\istack-commons-runtime-4.1.2.jar;C:\Users\Aluno\.m2\repository\jakarta\inject\jakarta.inject-api\2.0.1\jakarta.inject-api-2.0.1.jar;C:\Users\Aluno\.m2\repository\org\antlr\antlr4-runtime\4.13.0\antlr4-runtime-4.13.0.jar;C:\Users\Aluno\.m2\repository\org\springframework\data\spring-data-jpa\3.4.10\spring-data-jpa-3.4.10.jar;C:\Users\Aluno\.m2\repository\org\springframework\data\spring-data-commons\3.4.10\spring-data-commons-3.4.10.jar;C:\Users\Aluno\.m2\repository\org\springframework\spring-orm\6.2.11\spring-orm-6.2.11.jar;C:\Users\Aluno\.m2\repository\org\springframework\spring-tx\6.2.11\spring-tx-6.2.11.jar;C:\Users\Aluno\.m2\repository\org\slf4j\slf4j-api\2.0.17\slf4j-api-2.0.17.jar;C:\Users\Aluno\.m2\repository\org\springframework\spring-aspects\6.2.11\spring-aspects-6.2.11.jar;C:\Users\Aluno\.m2\repository\org\aspectj\aspectjweaver\1.9.24\aspectjweaver-1.9.24.jar;C:\Users\Aluno\.m2\repository\org\springframework\boot\spring-boot-starter-validation\3.4.10-SNAPSHOT\spring-boot-starter-validation-3.4.10-20250918.080816-39.jar;C:\Users\Aluno\.m2\repository\org\apache\tomcat\embed\tomcat-embed-el\10.1.46\tomcat-embed-el-10.1.46.jar;C:\Users\Aluno\.m2\repository\org\hibernate\validator\hibernate-validator\8.0.3.Final\hibernate-validator-8.0.3.Final.jar;C:\Users\Aluno\.m2\repository\jakarta\validation\jakarta.validation-api\3.0.2\jakarta.validation-api-3.0.2.jar;C:\Users\Aluno\.m2\repository\org\springdoc\springdoc-openapi-starter-webmvc-ui\2.6.0\springdoc-openapi-starter-webmvc-ui-2.6.0.jar;C:\Users\Aluno\.m2\repository\org\springdoc\springdoc-openapi-starter-webmvc-api\2.6.0\springdoc-openapi-starter-webmvc-api-2.6.0.jar;C:\Users\Aluno\.m2\repository\org\springdoc\springdoc-openapi-starter-common\2.6.0\springdoc-openapi-starter-common-2.6.0.jar;C:\Users\Aluno\.m2\repository\io\swagger\core\v3\swagger-core-jakarta\2.2.22\swagger-core-jakarta-2.2.22.jar;C:\Users\Aluno\.m2\repository\org\apache\commons\commons-lang3\3.17.0\commons-lang3-3.17.0.jar;C:\Users\Aluno\.m2\repository\io\swagger\core\v3\swagger-annotations-jakarta\2.2.22\swagger-annotations-jakarta-2.2.22.jar;C:\Users\Aluno\.m2\repository\io\swagger\core\v3\swagger-models-jakarta\2.2.22\swagger-models-jakarta-2.2.22.jar;C:\Users\Aluno\.m2\repository\com\fasterxml\jackson\dataformat\jackson-dataformat-yaml\2.18.4\jackson-dataformat-yaml-2.18.4.jar;C:\Users\Aluno\.m2\repository\org\webjars\swagger-ui\5.17.14\swagger-ui-5.17.14.jar;C:\Users\Aluno\.m2\repository\org\postgresql\postgresql\42.7.7\postgresql-42.7.7.jar;C:\Users\Aluno\.m2\repository\org\checkerframework\checker-qual\3.49.3\checker-qual-3.49.3.jar;C:\Users\Aluno\.m2\repository\org\springframework\boot\spring-boot-devtools\3.4.10-SNAPSHOT\spring-boot-devtools-3.4.10-20250918.080816-39.jar;C:\Users\Aluno\.m2\repository\org\springframework\boot\spring-boot\3.4.10-SNAPSHOT\spring-boot-3.4.10-20250918.080816-39.jar;C:\Users\Aluno\.m2\repository\org\springframework\boot\spring-boot-autoconfigure\3.4.10-SNAPSHOT\spring-boot-autoconfigure-3.4.10-20250918.080816-39.jar;C:\Users\Aluno\.m2\repository\org\springframework\boot\spring-boot-configuration-processor\3.4.10-SNAPSHOT\spring-boot-configuration-processor-3.4.10-20250918.080816-39.jar;C:\Users\Aluno\.m2\repository\jakarta\xml\bind\jakarta.xml.bind-api\4.0.2\jakarta.xml.bind-api-4.0.2.jar;C:\Users\Aluno\.m2\repository\jakarta\activation\jakarta.activation-api\2.1.4\jakarta.activation-api-2.1.4.jar;C:\Users\Aluno\.m2\repository\org\springframework\spring-core\6.2.11\spring-core-6.2.11.jar;C:\Users\Aluno\.m2\repository\org\springframework\spring-jcl\6.2.11\spring-jcl-6.2.11.jar
Launcher Type: SUN_STANDARD

[Global flags]
     intx CICompilerCount                          = 4                                         {product} {ergonomic}
     uint ConcGCThreads                            = 3                                         {product} {ergonomic}
     uint G1ConcRefinementThreads                  = 10                                        {product} {ergonomic}
   size_t G1HeapRegionSize                         = 1048576                                   {product} {ergonomic}
    uintx GCDrainStackTargetSize                   = 64                                        {product} {ergonomic}
   size_t InitialHeapSize                          = 123731968                                 {product} {ergonomic}
   size_t MarkStackSize                            = 4194304                                   {product} {ergonomic}
   size_t MaxHeapSize                              = 1975517184                                {product} {ergonomic}
   size_t MaxNewSize                               = 1184890880                                {product} {ergonomic}
   size_t MinHeapDeltaBytes                        = 1048576                                   {product} {ergonomic}
   size_t MinHeapSize                              = 8388608                                   {product} {ergonomic}
    uintx NonNMethodCodeHeapSize                   = 5839372                                {pd product} {ergonomic}
    uintx NonProfiledCodeHeapSize                  = 122909434                              {pd product} {ergonomic}
    uintx ProfiledCodeHeapSize                     = 122909434                              {pd product} {ergonomic}
    uintx ReservedCodeCacheSize                    = 251658240                              {pd product} {ergonomic}
     bool SegmentedCodeCache                       = true                                      {product} {ergonomic}
   size_t SoftMaxHeapSize                          = 1975517184                             {manageable} {ergonomic}
     bool UseCompressedOops                        = true                           {product lp64_product} {ergonomic}
     bool UseG1GC                                  = true                                      {product} {ergonomic}
     bool UseLargePagesIndividualAllocation        = false                                  {pd product} {ergonomic}

Logging:
Log output configuration:
 #0: stdout all=warning uptime,level,tags foldmultilines=false
 #1: stderr all=off uptime,level,tags foldmultilines=false

Environment Variables:
PATH=C:\Program Files\Common Files\Oracle\Java\javapath;C:\Program Files (x86)\Common Files\Oracle\Java\java8path;C:\Program Files (x86)\Common Files\Oracle\Java\javapath;C:\Program Files\Microsoft MPI\Bin\;C:\WINDOWS\system32;C:\WINDOWS;C:\WINDOWS\System32\Wbem;C:\WINDOWS\System32\WindowsPowerShell\v1.0\;C:\WINDOWS\System32\OpenSSH\;C:\Program Files (x86)\Microsoft SQL Server\160\Tools\Binn\;C:\Program Files\Microsoft SQL Server\160\Tools\Binn\;C:\Program Files\Microsoft SQL Server\Client SDK\ODBC\170\Tools\Binn\;C:\Program Files\Microsoft SQL Server\160\DTS\Binn\;C:\Program Files (x86)\Microsoft SQL Server\160\DTS\Binn\;C:\ProgramData\UNIVALI\Portugol Studio;C:\Program Files\Git\cmd;C:\Program Files\nodejs\;C:\Users\Aluno\AppData\Local\Programs\Python\Launcher\;C:\Users\Aluno\AppData\Local\Microsoft\WindowsApps;;C:\Users\Aluno\AppData\Local\Programs\Microsoft VS Code\bin;C:\Program Files\JetBrains\IntelliJ IDEA Community Edition 2025.2\bin;C:\Users\Aluno\AppData\Roaming\npm
USERNAME=Aluno
OS=Windows_NT
PROCESSOR_IDENTIFIER=AMD64 Family 25 Model 80 Stepping 0, AuthenticAMD
TMP=C:\Users\Aluno\AppData\Local\Temp
TEMP=C:\Users\Aluno\AppData\Local\Temp




Periodic native trim disabled

---------------  S Y S T E M  ---------------

OS:
 Windows 11 , 64 bit Build 26100 (10.0.26100.6725)
OS uptime: 6 days 5:34 hours
Hyper-V role detected

CPU: total 12 (initial active 12) (12 cores per cpu, 2 threads per core) family 25 model 80 stepping 0 microcode 0xa50000c, cx8, cmov, fxsr, ht, mmx, 3dnowpref, sse, sse2, sse3, ssse3, sse4a, sse4.1, sse4.2, popcnt, lzcnt, tsc, tscinvbit, avx, avx2, aes, erms, clmul, bmi1, bmi2, adx, sha, fma, vzeroupper, clflush, clflushopt, hv, rdtscp, rdpid, fsrm, f16c, cet_ss
Processor Information for all 12 processors :
  Max Mhz: 3901, Current Mhz: 3901, Mhz Limit: 3901

Memory: 4k page, system-wide physical 7529M (860M free)
TotalPageFile size 31081M (AvailPageFile size 15M)
current process WorkingSet (physical memory assigned to process): 256M, peak: 257M
current process commit charge ("private bytes"): 296M, peak: 297M

vm_info: Java HotSpot(TM) 64-Bit Server VM (21.0.8+12-LTS-250) for windows-amd64 JRE (21.0.8+12-LTS-250), built on 2025-06-27T08:11:22Z by "mach5one" with MS VC++ 17.6 (VS2022)

END.
