#
# There is insufficient memory for the Java Runtime Environment to continue.
# Native memory allocation (mmap) failed to map 123731968 bytes for G1 virtual space
# Possible reasons:
#   The system is out of physical RAM or swap space
#   The process is running with CompressedOops enabled, and the Java Heap may be blocking the growth of the native heap
# Possible solutions:
#   Reduce memory load on the system
#   Increase physical memory or swap space
#   Check if swap backing store is full
#   Decrease Java heap size (-Xmx/-Xms)
#   Decrease number of Java threads
#   Decrease Java thread stack sizes (-Xss)
#   Set larger code cache with -XX:ReservedCodeCacheSize=
#   JVM is running with Unscaled Compressed Oops mode in which the Java heap is
#     placed in the first 4GB address space. The Java Heap base address is the
#     maximum limit for the native heap growth. Please use -XX:HeapBaseMinAddress
#     to set the Java Heap base and to place the Java Heap above 4GB virtual address.
# This output file may be truncated or incomplete.
#
#  Out of Memory Error (os_windows.cpp:3603), pid=10032, tid=13440
#
# JRE version:  (21.0.8+12) (build )
# Java VM: Java HotSpot(TM) 64-Bit Server VM (21.0.8+12-LTS-250, mixed mode, sharing, tiered, compressed oops, compressed class ptrs, g1 gc, windows-amd64)
# No core dump will be written. Minidumps are not enabled by default on client versions of Windows
#

---------------  S U M M A R Y ------------

Command Line: -javaagent:C:\Program Files\JetBrains\IntelliJ IDEA Community Edition 2025.2\lib\idea_rt.jar=57700 -Dfile.encoding=UTF-8 -Dsun.stdout.encoding=UTF-8 -Dsun.stderr.encoding=UTF-8 com.br.pdvpostocombustivel.PdvpostocombustivelApplication

Host: AMD Ryzen 5 PRO 5650G with Radeon Graphics     , 12 cores, 7G,  Windows 11 , 64 bit Build 26100 (10.0.26100.6725)
Time: Wed Oct  8 19:23:02 2025 Hora oficial do Brasil elapsed time: 1.062622 seconds (0d 0h 0m 1s)

---------------  T H R E A D  ---------------

Current thread (0x0000020fea97e100):  JavaThread "Unknown thread" [_thread_in_vm, id=13440, stack(0x000000264b800000,0x000000264b900000) (1024K)]

Stack: [0x000000264b800000,0x000000264b900000]
Native frames: (J=compiled Java code, j=interpreted, Vv=VM code, C=native code)
V  [jvm.dll+0x6cc179]
V  [jvm.dll+0x8584c1]
V  [jvm.dll+0x85a9ee]
V  [jvm.dll+0x85b0c3]
V  [jvm.dll+0x27ebf6]
V  [jvm.dll+0x6c88f5]
V  [jvm.dll+0x6bd45a]
V  [jvm.dll+0x354b1a]
V  [jvm.dll+0x35c796]
V  [jvm.dll+0x3af85e]
V  [jvm.dll+0x3afb08]
V  [jvm.dll+0x328e2c]
V  [jvm.dll+0x32998b]
V  [jvm.dll+0x821879]
V  [jvm.dll+0x3bc541]
V  [jvm.dll+0x80aaf8]
V  [jvm.dll+0x45172e]
V  [jvm.dll+0x453321]
C  [jli.dll+0x52a3]
C  [ucrtbase.dll+0x37b0]
C  [KERNEL32.DLL+0x2e8d7]
C  [ntdll.dll+0x8c53c]


---------------  P R O C E S S  ---------------

Threads class SMR info:
_java_thread_list=0x00007fff149efc48, length=0, elements={
}

Java Threads: ( => current thread )
Total: 0

Other Threads:
  0x0000020feac74260 WorkerThread "GC Thread#0"                     [id=2664, stack(0x000000264b900000,0x000000264ba00000) (1024K)]
  0x0000020feac85450 ConcurrentGCThread "G1 Main Marker"            [id=2320, stack(0x000000264ba00000,0x000000264bb00000) (1024K)]
  0x0000020feac85f50 WorkerThread "G1 Conc#0"                       [id=1820, stack(0x000000264bb00000,0x000000264bc00000) (1024K)]

[error occurred during error reporting (printing all threads), id 0xc0000005, EXCEPTION_ACCESS_VIOLATION (0xc0000005) at pc=0x00007fff1415b5b7]
VM state: not at safepoint (not fully initialized)

VM Mutex/Monitor currently owned by a thread:  ([mutex/lock_event])
[0x00007fff14a60f50] Heap_lock - owner thread: 0x0000020fea97e100

Heap address: 0x000000008a400000, size: 1884 MB, Compressed Oops mode: 32-bit

CDS archive(s) mapped at: [0x0000000000000000-0x0000000000000000-0x0000000000000000), size 0, SharedBaseAddress: 0x0000000800000000, ArchiveRelocationMode: 1.
Narrow klass base: 0x0000000000000000, Narrow klass shift: 0, Narrow klass range: 0x0

GC Precious Log:
 CardTable entry size: 512
 Card Set container configuration: InlinePtr #cards 5 size 8 Array Of Cards #cards 12 size 40 Howl #buckets 4 coarsen threshold 1843 Howl Bitmap #cards 512 size 80 coarsen threshold 460 Card regions per heap region 1 cards per card region 2048

Heap:
 garbage-first heap   total 0K, used 0K [0x000000008a400000, 0x0000000100000000)
  region size 1024K, 0 young (0K), 0 survivors (0K)

[error occurred during error reporting (printing heap information), id 0xc0000005, EXCEPTION_ACCESS_VIOLATION (0xc0000005) at pc=0x00007fff145451e9]
GC Heap History (0 events):
No events

Dll operation events (1 events):
Event: 0.010 Loaded shared library C:\Program Files\Java\jdk-21\bin\java.dll

Deoptimization events (0 events):
No events

Classes loaded (0 events):
No events

Classes unloaded (0 events):
No events

Classes redefined (0 events):
No events

Internal exceptions (0 events):
No events

ZGC Phase Switch (0 events):
No events

VM Operations (0 events):
No events

Events (0 events):
No events


Dynamic libraries:
0x00007ff69c4c0000 - 0x00007ff69c4d0000 	C:\Program Files\Java\jdk-21\bin\java.exe
0x00007fffb2de0000 - 0x00007fffb3048000 	C:\WINDOWS\SYSTEM32\ntdll.dll
0x00007fffb2010000 - 0x00007fffb20d9000 	C:\WINDOWS\System32\KERNEL32.DLL
0x00007fffaff70000 - 0x00007fffb0362000 	C:\WINDOWS\System32\KERNELBASE.dll
0x00007fffb0810000 - 0x00007fffb095b000 	C:\WINDOWS\System32\ucrtbase.dll
0x00007fffa29a0000 - 0x00007fffa29b9000 	C:\Program Files\Java\jdk-21\bin\jli.dll
0x00007fffaabe0000 - 0x00007fffaabfb000 	C:\Program Files\Java\jdk-21\bin\VCRUNTIME140.dll
0x00007fffb1e20000 - 0x00007fffb1ed4000 	C:\WINDOWS\System32\ADVAPI32.dll
0x00007fffb2920000 - 0x00007fffb29c9000 	C:\WINDOWS\System32\msvcrt.dll
0x00007fffb2cf0000 - 0x00007fffb2d96000 	C:\WINDOWS\System32\sechost.dll
0x00007fffb2b50000 - 0x00007fffb2c68000 	C:\WINDOWS\System32\RPCRT4.dll
0x00007fffb1a50000 - 0x00007fffb1c15000 	C:\WINDOWS\System32\USER32.dll
0x00007fff9eb40000 - 0x00007fff9edd3000 	C:\WINDOWS\WinSxS\amd64_microsoft.windows.common-controls_6595b64144ccf1df_6.0.26100.6725_none_3e085828e334708b\COMCTL32.dll
0x00007fffb0b80000 - 0x00007fffb0ba7000 	C:\WINDOWS\System32\win32u.dll
0x00007fffb1a20000 - 0x00007fffb1a4b000 	C:\WINDOWS\System32\GDI32.dll
0x00007fffb06e0000 - 0x00007fffb080d000 	C:\WINDOWS\System32\gdi32full.dll
0x00007fffb0ad0000 - 0x00007fffb0b73000 	C:\WINDOWS\System32\msvcp_win.dll
0x00007fffaa020000 - 0x00007fffaa02b000 	C:\WINDOWS\SYSTEM32\VERSION.dll
0x00007fffb1ca0000 - 0x00007fffb1ccf000 	C:\WINDOWS\System32\IMM32.DLL
0x00007fffacab0000 - 0x00007fffacabc000 	C:\Program Files\Java\jdk-21\bin\vcruntime140_1.dll
0x00007fffa11f0000 - 0x00007fffa127e000 	C:\Program Files\Java\jdk-21\bin\msvcp140.dll
0x00007fff13e20000 - 0x00007fff14b3d000 	C:\Program Files\Java\jdk-21\bin\server\jvm.dll
0x00007fffb1220000 - 0x00007fffb1294000 	C:\WINDOWS\System32\WS2_32.dll
0x00007fffafdd0000 - 0x00007fffafe2e000 	C:\WINDOWS\SYSTEM32\POWRPROF.dll
0x00007fffa92f0000 - 0x00007fffa9325000 	C:\WINDOWS\SYSTEM32\WINMM.dll
0x00007fffafdb0000 - 0x00007fffafdc4000 	C:\WINDOWS\SYSTEM32\UMPDC.dll
0x00007fffaed00000 - 0x00007fffaed1b000 	C:\WINDOWS\SYSTEM32\kernel.appcore.dll
0x00007fffa2f10000 - 0x00007fffa2f1a000 	C:\Program Files\Java\jdk-21\bin\jimage.dll
0x00007fffad920000 - 0x00007fffadb62000 	C:\WINDOWS\SYSTEM32\DBGHELP.DLL
0x00007fffb2510000 - 0x00007fffb288b000 	C:\WINDOWS\System32\combase.dll
0x00007fffb1ce0000 - 0x00007fffb1db7000 	C:\WINDOWS\System32\OLEAUT32.dll
0x00007fff9ede0000 - 0x00007fff9ee1c000 	C:\WINDOWS\SYSTEM32\dbgcore.DLL
0x00007fffb04f0000 - 0x00007fffb0588000 	C:\WINDOWS\System32\bcryptPrimitives.dll
0x00007fffa2560000 - 0x00007fffa256f000 	C:\Program Files\Java\jdk-21\bin\instrument.dll
0x00007fffa2510000 - 0x00007fffa252f000 	C:\Program Files\Java\jdk-21\bin\java.dll

dbghelp: loaded successfully - version: 4.0.5 - missing functions: none
symbol engine: initialized successfully - sym options: 0x614 - pdb path: .;C:\Program Files\Java\jdk-21\bin;C:\WINDOWS\SYSTEM32;C:\WINDOWS\WinSxS\amd64_microsoft.windows.common-controls_6595b64144ccf1df_6.0.26100.6725_none_3e085828e334708b;C:\Program Files\Java\jdk-21\bin\server

VM Arguments:
jvm_args: -javaagent:C:\Program Files\JetBrains\IntelliJ IDEA Community Edition 2025.2\lib\idea_rt.jar=57700 -Dfile.encoding=UTF-8 -Dsun.stdout.encoding=UTF-8 -Dsun.stderr.encoding=UTF-8 
java_command: com.br.pdvpostocombustivel.PdvpostocombustivelApplication
java_class_path (initial): C:\Users\Aluno\Documents\Projetos\pdv-posto-de-combustivel\pdvpostocombustivel\target\classes;C:\Users\Aluno\.m2\repository\org\springframework\boot\spring-boot-starter-web\3.4.10-SNAPSHOT\spring-boot-starter-web-3.4.10-20250918.080816-39.jar;C:\Users\Aluno\.m2\repository\org\springframework\boot\spring-boot-starter\3.4.10-SNAPSHOT\spring-boot-starter-3.4.10-20250918.080816-39.jar;C:\Users\Aluno\.m2\repository\org\springframework\boot\spring-boot-starter-logging\3.4.10-SNAPSHOT\spring-boot-starter-logging-3.4.10-20250918.080816-39.jar;C:\Users\Aluno\.m2\repository\ch\qos\logback\logback-classic\1.5.18\logback-classic-1.5.18.jar;C:\Users\Aluno\.m2\repository\ch\qos\logback\logback-core\1.5.18\logback-core-1.5.18.jar;C:\Users\Aluno\.m2\repository\org\apache\logging\log4j\log4j-to-slf4j\2.24.3\log4j-to-slf4j-2.24.3.jar;C:\Users\Aluno\.m2\repository\org\apache\logging\log4j\log4j-api\2.24.3\log4j-api-2.24.3.jar;C:\Users\Aluno\.m2\repository\org\slf4j\jul-to-slf4j\2.0.17\jul-to-slf4j-2.0.17.jar;C:\Users\Aluno\.m2\repository\jakarta\annotation\jakarta.annotation-api\2.1.1\jakarta.annotation-api-2.1.1.jar;C:\Users\Aluno\.m2\repository\org\yaml\snakeyaml\2.3\snakeyaml-2.3.jar;C:\Users\Aluno\.m2\repository\org\springframework\boot\spring-boot-starter-json\3.4.10-SNAPSHOT\spring-boot-starter-json-3.4.10-20250918.080816-39.jar;C:\Users\Aluno\.m2\repository\com\fasterxml\jackson\core\jackson-databind\2.18.4\jackson-databind-2.18.4.jar;C:\Users\Aluno\.m2\repository\com\fasterxml\jackson\core\jackson-annotations\2.18.4\jackson-annotations-2.18.4.jar;C:\Users\Aluno\.m2\repository\com\fasterxml\jackson\core\jackson-core\2.18.4.1\jackson-core-2.18.4.1.jar;C:\Users\Aluno\.m2\repository\com\fasterxml\jackson\datatype\jackson-datatype-jdk8\2.18.4\jackson-datatype-jdk8-2.18.4.jar;C:\Users\Aluno\.m2\repository\com\fasterxml\jackson\datatype\jackson-datatype-jsr310\2.18.4\jackson-datatype-jsr310-2.18.4.jar;C:\Users\Aluno\.m2\repository\com\fasterxml\jackson\module\jackson-module-parameter-names\2.18.4\jackson-module-parameter-names-2.18.4.jar;C:\Users\Aluno\.m2\repository\org\springframework\boot\spring-boot-starter-tomcat\3.4.10-SNAPSHOT\spring-boot-starter-tomcat-3.4.10-20250918.080816-39.jar;C:\Users\Aluno\.m2\repository\org\apache\tomcat\embed\tomcat-embed-core\10.1.46\tomcat-embed-core-10.1.46.jar;C:\Users\Aluno\.m2\repository\org\apache\tomcat\embed\tomcat-embed-websocket\10.1.46\tomcat-embed-websocket-10.1.46.jar;C:\Users\Aluno\.m2\repository\org\springframework\spring-web\6.2.11\spring-web-6.2.11.jar;C:\Users\Aluno\.m2\repository\org\springframework\spring-beans\6.2.11\spring-beans-6.2.11.jar;C:\Users\Aluno\.m2\repository\io\micrometer\micrometer-observation\1.14.11\micrometer-observation-1.14.11.jar;C:\Users\Aluno\.m2\repository\io\micrometer\micrometer-commons\1.14.11\micrometer-commons-1.14.11.jar;C:\Users\Aluno\.m2\repository\org\springframework\spring-webmvc\6.2.11\spring-webmvc-6.2.11.jar;C:\Users\Aluno\.m2\repository\org\springframework\spring-aop\6.2.11\spring-aop-6.2.11.jar;C:\Users\Aluno\.m2\repository\org\springframework\spring-context\6.2.11\spring-context-6.2.11.jar;C:\Users\Aluno\.m2\repository\org\springframework\spring-expression\6.2.11\spring-expression-6.2.11.jar;C:\Users\Aluno\.m2\repository\org\springframework\boot\spring-boot-starter-data-jpa\3.4.10-SNAPSHOT\spring-boot-starter-data-jpa-3.4.10-20250918.080816-39.jar;C:\Users\Aluno\.m2\repository\org\springframework\boot\spring-boot-starter-jdbc\3.4.10-SNAPSHOT\spring-boot-starter-jdbc-3.4.10-20250918.080816-39.jar;C:\Users\Aluno\.m2\repository\com\zaxxer\HikariCP\5.1.0\HikariCP-5.1.0.jar;C:\Users\Aluno\.m2\repository\org\springframework\spring-jdbc\6.2.11\spring-jdbc-6.2.11.jar;C:\Users\Aluno\.m2\repository\org\hibernate\orm\hibernate-core\6.6.29.Final\hibernate-core-6.6.29.Final.jar;C:\Users\Aluno\.m2\repository\jakarta\persistence\jakarta.persistence-api\3.1.0\jakarta.persistence-api-3.1.0.jar;C:\Users\Aluno\.m2\repository\jakarta\transaction\jakarta.transaction-api\2.0.1\jakarta.transaction-api-2.0.1.jar;C:\Users\Aluno\.m2\repository\org\jboss\logging\jboss-logging\3.6.1.Final\jboss-logging-3.6.1.Final.jar;C:\Users\Aluno\.m2\repository\org\hibernate\common\hibernate-commons-annotations\7.0.3.Final\hibernate-commons-annotations-7.0.3.Final.jar;C:\Users\Aluno\.m2\repository\io\smallrye\jandex\3.2.0\jandex-3.2.0.jar;C:\Users\Aluno\.m2\repository\com\fasterxml\classmate\1.7.0\classmate-1.7.0.jar;C:\Users\Aluno\.m2\repository\net\bytebuddy\byte-buddy\1.15.11\byte-buddy-1.15.11.jar;C:\Users\Aluno\.m2\repository\org\glassfish\jaxb\jaxb-runtime\4.0.5\jaxb-runtime-4.0.5.jar;C:\Users\Aluno\.m2\repository\org\glassfish\jaxb\jaxb-core\4.0.5\jaxb-core-4.0.5.jar;C:\Users\Aluno\.m2\repository\org\eclipse\angus\angus-activation\2.0.2\angus-activation-2.0.2.jar;C:\Users\Aluno\.m2\repository\org\glassfish\jaxb\txw2\4.0.5\txw2-4.0.5.jar;C:\Users\Aluno\.m2\repository\com\sun\istack\istack-commons-runtime\4.1.2\istack-commons-runtime-4.1.2.jar;C:\Users\Aluno\.m2\repository\jakarta\inject\jakarta.inject-api\2.0.1\jakarta.inject-api-2.0.1.jar;C:\Users\Aluno\.m2\repository\org\antlr\antlr4-runtime\4.13.0\antlr4-runtime-4.13.0.jar;C:\Users\Aluno\.m2\repository\org\springframework\data\spring-data-jpa\3.4.10\spring-data-jpa-3.4.10.jar;C:\Users\Aluno\.m2\repository\org\springframework\data\spring-data-commons\3.4.10\spring-data-commons-3.4.10.jar;C:\Users\Aluno\.m2\repository\org\springframework\spring-orm\6.2.11\spring-orm-6.2.11.jar;C:\Users\Aluno\.m2\repository\org\springframework\spring-tx\6.2.11\spring-tx-6.2.11.jar;C:\Users\Aluno\.m2\repository\org\slf4j\slf4j-api\2.0.17\slf4j-api-2.0.17.jar;C:\Users\Aluno\.m2\repository\org\springframework\spring-aspects\6.2.11\spring-aspects-6.2.11.jar;C:\Users\Aluno\.m2\repository\org\aspectj\aspectjweaver\1.9.24\aspectjweaver-1.9.24.jar;C:\Users\Aluno\.m2\repository\org\springframework\boot\spring-boot-starter-validation\3.4.10-SNAPSHOT\spring-boot-starter-validation-3.4.10-20250918.080816-39.jar;C:\Users\Aluno\.m2\repository\org\apache\tomcat\embed\tomcat-embed-el\10.1.46\tomcat-embed-el-10.1.46.jar;C:\Users\Aluno\.m2\repository\org\hibernate\validator\hibernate-validator\8.0.3.Final\hibernate-validator-8.0.3.Final.jar;C:\Users\Aluno\.m2\repository\jakarta\validation\jakarta.validation-api\3.0.2\jakarta.validation-api-3.0.2.jar;C:\Users\Aluno\.m2\repository\org\springdoc\springdoc-openapi-starter-webmvc-ui\2.6.0\springdoc-openapi-starter-webmvc-ui-2.6.0.jar;C:\Users\Aluno\.m2\repository\org\springdoc\springdoc-openapi-starter-webmvc-api\2.6.0\springdoc-openapi-starter-webmvc-api-2.6.0.jar;C:\Users\Aluno\.m2\repository\org\springdoc\springdoc-openapi-starter-common\2.6.0\springdoc-openapi-starter-common-2.6.0.jar;C:\Users\Aluno\.m2\repository\io\swagger\core\v3\swagger-core-jakarta\2.2.22\swagger-core-jakarta-2.2.22.jar;C:\Users\Aluno\.m2\repository\org\apache\commons\commons-lang3\3.17.0\commons-lang3-3.17.0.jar;C:\Users\Aluno\.m2\repository\io\swagger\core\v3\swagger-annotations-jakarta\2.2.22\swagger-annotations-jakarta-2.2.22.jar;C:\Users\Aluno\.m2\repository\io\swagger\core\v3\swagger-models-jakarta\2.2.22\swagger-models-jakarta-2.2.22.jar;C:\Users\Aluno\.m2\repository\com\fasterxml\jackson\dataformat\jackson-dataformat-yaml\2.18.4\jackson-dataformat-yaml-2.18.4.jar;C:\Users\Aluno\.m2\repository\org\webjars\swagger-ui\5.17.14\swagger-ui-5.17.14.jar;C:\Users\Aluno\.m2\repository\org\postgresql\postgresql\42.7.7\postgresql-42.7.7.jar;C:\Users\Aluno\.m2\repository\org\checkerframework\checker-qual\3.49.3\checker-qual-3.49.3.jar;C:\Users\Aluno\.m2\repository\org\springframework\boot\spring-boot-devtools\3.4.10-SNAPSHOT\spring-boot-devtools-3.4.10-20250918.080816-39.jar;C:\Users\Aluno\.m2\repository\org\springframework\boot\spring-boot\3.4.10-SNAPSHOT\spring-boot-3.4.10-20250918.080816-39.jar;C:\Users\Aluno\.m2\repository\org\springframework\boot\spring-boot-autoconfigure\3.4.10-SNAPSHOT\spring-boot-autoconfigure-3.4.10-20250918.080816-39.jar;C:\Users\Aluno\.m2\repository\org\springframework\boot\spring-boot-configuration-processor\3.4.10-SNAPSHOT\spring-boot-configuration-processor-3.4.10-20250918.080816-39.jar;C:\Users\Aluno\.m2\repository\jakarta\xml\bind\jakarta.xml.bind-api\4.0.2\jakarta.xml.bind-api-4.0.2.jar;C:\Users\Aluno\.m2\repository\jakarta\activation\jakarta.activation-api\2.1.4\jakarta.activation-api-2.1.4.jar;C:\Users\Aluno\.m2\repository\org\springframework\spring-core\6.2.11\spring-core-6.2.11.jar;C:\Users\Aluno\.m2\repository\org\springframework\spring-jcl\6.2.11\spring-jcl-6.2.11.jar
Launcher Type: SUN_STANDARD

[Global flags]
     intx CICompilerCount                          = 4                                         {product} {ergonomic}
     uint ConcGCThreads                            = 3                                         {product} {ergonomic}
     uint G1ConcRefinementThreads                  = 10                                        {product} {ergonomic}
   size_t G1HeapRegionSize                         = 1048576                                   {product} {ergonomic}
    uintx GCDrainStackTargetSize                   = 64                                        {product} {ergonomic}
   size_t InitialHeapSize                          = 123731968                                 {product} {ergonomic}
   size_t MarkStackSize                            = 4194304                                   {product} {ergonomic}
   size_t MaxHeapSize                              = 1975517184                                {product} {ergonomic}
   size_t MinHeapDeltaBytes                        = 1048576                                   {product} {ergonomic}
   size_t MinHeapSize                              = 8388608                                   {product} {ergonomic}
    uintx NonNMethodCodeHeapSize                   = 5839372                                {pd product} {ergonomic}
    uintx NonProfiledCodeHeapSize                  = 122909434                              {pd product} {ergonomic}
    uintx ProfiledCodeHeapSize                     = 122909434                              {pd product} {ergonomic}
    uintx ReservedCodeCacheSize                    = 251658240                              {pd product} {ergonomic}
     bool SegmentedCodeCache                       = true                                      {product} {ergonomic}
   size_t SoftMaxHeapSize                          = 1975517184                             {manageable} {ergonomic}
     bool UseCompressedOops                        = true                           {product lp64_product} {ergonomic}
     bool UseG1GC                                  = true                                      {product} {ergonomic}
     bool UseLargePagesIndividualAllocation        = false                                  {pd product} {ergonomic}

Logging:
Log output configuration:
 #0: stdout all=warning uptime,level,tags foldmultilines=false
 #1: stderr all=off uptime,level,tags foldmultilines=false

Environment Variables:
PATH=C:\Program Files\Common Files\Oracle\Java\javapath;C:\Program Files (x86)\Common Files\Oracle\Java\java8path;C:\Program Files (x86)\Common Files\Oracle\Java\javapath;C:\Program Files\Microsoft MPI\Bin\;C:\WINDOWS\system32;C:\WINDOWS;C:\WINDOWS\System32\Wbem;C:\WINDOWS\System32\WindowsPowerShell\v1.0\;C:\WINDOWS\System32\OpenSSH\;C:\Program Files (x86)\Microsoft SQL Server\160\Tools\Binn\;C:\Program Files\Microsoft SQL Server\160\Tools\Binn\;C:\Program Files\Microsoft SQL Server\Client SDK\ODBC\170\Tools\Binn\;C:\Program Files\Microsoft SQL Server\160\DTS\Binn\;C:\Program Files (x86)\Microsoft SQL Server\160\DTS\Binn\;C:\ProgramData\UNIVALI\Portugol Studio;C:\Program Files\Git\cmd;C:\Program Files\nodejs\;C:\Users\Aluno\AppData\Local\Programs\Python\Launcher\;C:\Users\Aluno\AppData\Local\Microsoft\WindowsApps;;C:\Users\Aluno\AppData\Local\Programs\Microsoft VS Code\bin;C:\Program Files\JetBrains\IntelliJ IDEA Community Edition 2025.2\bin;C:\Users\Aluno\AppData\Roaming\npm
USERNAME=Aluno
OS=Windows_NT
PROCESSOR_IDENTIFIER=AMD64 Family 25 Model 80 Stepping 0, AuthenticAMD
TMP=C:\Users\Aluno\AppData\Local\Temp
TEMP=C:\Users\Aluno\AppData\Local\Temp




Periodic native trim disabled

---------------  S Y S T E M  ---------------

OS:
 Windows 11 , 64 bit Build 26100 (10.0.26100.6725)
OS uptime: 6 days 5:53 hours
Hyper-V role detected

CPU: total 12 (initial active 12) (12 cores per cpu, 2 threads per core) family 25 model 80 stepping 0 microcode 0xa50000c, cx8, cmov, fxsr, ht, mmx, 3dnowpref, sse, sse2, sse3, ssse3, sse4a, sse4.1, sse4.2, popcnt, lzcnt, tsc, tscinvbit, avx, avx2, aes, erms, clmul, bmi1, bmi2, adx, sha, fma, vzeroupper, clflush, clflushopt, hv, rdtscp, rdpid, fsrm, f16c, cet_ss
Processor Information for all 12 processors :
  Max Mhz: 3901, Current Mhz: 3901, Mhz Limit: 3901

Memory: 4k page, system-wide physical 7529M (591M free)
TotalPageFile size 31081M (AvailPageFile size 53M)
current process WorkingSet (physical memory assigned to process): 12M, peak: 12M
current process commit charge ("private bytes"): 64M, peak: 182M

vm_info: Java HotSpot(TM) 64-Bit Server VM (21.0.8+12-LTS-250) for windows-amd64 JRE (21.0.8+12-LTS-250), built on 2025-06-27T08:11:22Z by "mach5one" with MS VC++ 17.6 (VS2022)

END.
